#
# There is insufficient memory for the Java Runtime Environment to continue.
# Native memory allocation (mmap) failed to map 65536 bytes for Failed to commit metaspace.
# Possible reasons:
#   The system is out of physical RAM or swap space
#   The process is running with CompressedOops enabled, and the Java Heap may be blocking the growth of the native heap
# Possible solutions:
#   Reduce memory load on the system
#   Increase physical memory or swap space
#   Check if swap backing store is full
#   Decrease Java heap size (-Xmx/-Xms)
#   Decrease number of Java threads
#   Decrease Java thread stack sizes (-Xss)
#   Set larger code cache with -XX:ReservedCodeCacheSize=
#   JVM is running with Unscaled Compressed Oops mode in which the Java heap is
#     placed in the first 4GB address space. The Java Heap base address is the
#     maximum limit for the native heap growth. Please use -XX:HeapBaseMinAddress
#     to set the Java Heap base and to place the Java Heap above 4GB virtual address.
# This output file may be truncated or incomplete.
#
#  Out of Memory Error (virtualSpaceNode.cpp:110), pid=6104, tid=19724
#
# JRE version: OpenJDK Runtime Environment Temurin-17.0.7+7 (17.0.7+7) (build 17.0.7+7)
# Java VM: OpenJDK 64-Bit Server VM Temurin-17.0.7+7 (17.0.7+7, mixed mode, tiered, compressed oops, compressed class ptrs, parallel gc, windows-amd64)
# No core dump will be written. Minidumps are not enabled by default on client versions of Windows
#

---------------  S U M M A R Y ------------

Command Line: --add-modules=ALL-SYSTEM --add-opens=java.base/java.util=ALL-UNNAMED --add-opens=java.base/java.lang=ALL-UNNAMED --add-opens=java.base/sun.nio.fs=ALL-UNNAMED -Declipse.application=org.eclipse.jdt.ls.core.id1 -Dosgi.bundles.defaultStartLevel=4 -Declipse.product=org.eclipse.jdt.ls.core.product -Djava.import.generatesMetadataFilesAtProjectRoot=false -Dfile.encoding=utf8 -XX:+UseParallelGC -XX:GCTimeRatio=4 -XX:AdaptiveSizePolicyWeight=90 -Dsun.zip.disableMemoryMapping=true -Xmx1G -Xms100m -Xlog:disable -javaagent:c:\Users\Saurabh Kumar\.vscode\extensions\redhat.java-1.21.0-win32-x64\lombok\lombok-1.18.28.jar -XX:+HeapDumpOnOutOfMemoryError -XX:HeapDumpPath=c:\Users\Saurabh Kumar\AppData\Roaming\Code\User\workspaceStorage\dee38c552052ed1b6d233fe54e294ac5\redhat.java -Daether.dependencyCollector.impl=bf c:\Users\Saurabh Kumar\.vscode\extensions\redhat.java-1.21.0-win32-x64\server\plugins\org.eclipse.equinox.launcher_1.6.500.v20230717-2134.jar -configuration c:\Users\Saurabh Kumar\AppData\Roaming\Code\User\globalStorage\redhat.java\1.21.0\config_win -data c:\Users\Saurabh Kumar\AppData\Roaming\Code\User\workspaceStorage\dee38c552052ed1b6d233fe54e294ac5\redhat.java\jdt_ws

Host: Intel(R) Core(TM) i5-8265U CPU @ 1.60GHz, 8 cores, 15G,  Windows 11 , 64 bit Build 22621 (10.0.22621.2070)
Time: Wed Aug 23 16:54:23 2023 India Standard Time elapsed time: 0.737510 seconds (0d 0h 0m 0s)

---------------  T H R E A D  ---------------

Current thread (0x000001ab508af320):  JavaThread "main" [_thread_in_vm, id=19724, stack(0x0000007a3b000000,0x0000007a3b100000)]

Stack: [0x0000007a3b000000,0x0000007a3b100000]
Native frames: (J=compiled Java code, j=interpreted, Vv=VM code, C=native code)
V  [jvm.dll+0x67754a]
V  [jvm.dll+0x834304]
V  [jvm.dll+0x835aae]
V  [jvm.dll+0x836113]
V  [jvm.dll+0x24696f]
V  [jvm.dll+0x83039b]
V  [jvm.dll+0x61c006]
V  [jvm.dll+0x61c06a]
V  [jvm.dll+0x61e89a]
V  [jvm.dll+0x61c9a6]
V  [jvm.dll+0x626887]
V  [jvm.dll+0x1eb47b]
V  [jvm.dll+0x1eb9b5]
V  [jvm.dll+0x1ec3ef]
V  [jvm.dll+0x1e1891]
V  [jvm.dll+0x53ea50]
V  [jvm.dll+0x1f2067]
V  [jvm.dll+0x7af05b]
V  [jvm.dll+0x7b0402]
V  [jvm.dll+0x7b0738]
V  [jvm.dll+0x23ec6e]
V  [jvm.dll+0x380a4e]
C  0x000001ab5aa7ae05

Java frames: (J=compiled Java code, j=interpreted, Vv=VM code)
j  jdk.internal.icu.impl.Norm2AllModes.<clinit>()V+0 java.base@17.0.7
v  ~StubRoutines::call_stub
j  jdk.internal.icu.text.Normalizer2.getNFKDInstance()Ljdk/internal/icu/text/Normalizer2;+0 java.base@17.0.7
j  jdk.internal.icu.text.NormalizerBase$NFKDModeImpl.<clinit>()V+4 java.base@17.0.7
v  ~StubRoutines::call_stub
j  jdk.internal.icu.text.NormalizerBase$NFKDMode.getNormalizer2(I)Ljdk/internal/icu/text/Normalizer2;+16 java.base@17.0.7
j  jdk.internal.icu.text.NormalizerBase.normalize(Ljava/lang/String;Ljdk/internal/icu/text/NormalizerBase$Mode;I)Ljava/lang/String;+2 java.base@17.0.7
j  jdk.internal.icu.text.NormalizerBase.normalize(Ljava/lang/String;Ljava/text/Normalizer$Form;)Ljava/lang/String;+6 java.base@17.0.7
j  java.text.Normalizer.normalize(Ljava/lang/CharSequence;Ljava/text/Normalizer$Form;)Ljava/lang/String;+7 java.base@17.0.7
j  sun.security.x509.AVA.toRFC2253CanonicalString()Ljava/lang/String;+386 java.base@17.0.7
j  sun.security.x509.RDN.toRFC2253StringInternal(ZLjava/util/Map;)Ljava/lang/String;+19 java.base@17.0.7
j  sun.security.x509.RDN.toRFC2253String(Z)Ljava/lang/String;+27 java.base@17.0.7
j  sun.security.x509.X500Name.getRFC2253CanonicalName()Ljava/lang/String;+63 java.base@17.0.7
j  sun.security.x509.X500Name.equals(Ljava/lang/Object;)Z+115 java.base@17.0.7
j  sun.security.pkcs.PKCS7.getCertificate(Ljava/math/BigInteger;Lsun/security/x509/X500Name;)Ljava/security/cert/X509Certificate;+60 java.base@17.0.7
j  sun.security.pkcs.SignerInfo.getCertificate(Lsun/security/pkcs/PKCS7;)Ljava/security/cert/X509Certificate;+9 java.base@17.0.7
j  sun.security.pkcs.SignerInfo.verify(Lsun/security/pkcs/PKCS7;[B)Lsun/security/pkcs/SignerInfo;+423 java.base@17.0.7
j  sun.security.pkcs.PKCS7.verify(Lsun/security/pkcs/SignerInfo;[B)Lsun/security/pkcs/SignerInfo;+3 java.base@17.0.7
j  sun.security.pkcs.PKCS7.verify([B)[Lsun/security/pkcs/SignerInfo;+27 java.base@17.0.7
j  sun.security.pkcs.SignerInfo.getTimestamp()Ljava/security/Timestamp;+45 java.base@17.0.7
j  sun.security.pkcs.SignerInfo.verify(Lsun/security/pkcs/PKCS7;[B)Lsun/security/pkcs/SignerInfo;+3 java.base@17.0.7
j  sun.security.pkcs.PKCS7.verify(Lsun/security/pkcs/SignerInfo;[B)Lsun/security/pkcs/SignerInfo;+3 java.base@17.0.7
j  sun.security.pkcs.PKCS7.verify([B)[Lsun/security/pkcs/SignerInfo;+27 java.base@17.0.7
j  sun.security.util.SignatureFileVerifier.processImpl(Ljava/util/Hashtable;Ljava/util/List;Ljava/lang/String;)V+63 java.base@17.0.7
j  sun.security.util.SignatureFileVerifier.process(Ljava/util/Hashtable;Ljava/util/List;Ljava/lang/String;)V+12 java.base@17.0.7
j  java.util.jar.JarVerifier.processEntry(Lsun/security/util/ManifestEntryVerifier;)V+400 java.base@17.0.7
j  java.util.jar.JarVerifier.update(I[BIILsun/security/util/ManifestEntryVerifier;)V+39 java.base@17.0.7
j  java.util.jar.JarFile.initializeVerifier()V+163 java.base@17.0.7
j  java.util.jar.JarFile.ensureInitialization()V+41 java.base@17.0.7
j  java.util.jar.JavaUtilJarAccessImpl.ensureInitialization(Ljava/util/jar/JarFile;)V+1 java.base@17.0.7
j  jdk.internal.loader.URLClassPath$JarLoader$2.getManifest()Ljava/util/jar/Manifest;+10 java.base@17.0.7
j  jdk.internal.loader.BuiltinClassLoader.defineClass(Ljava/lang/String;Ljdk/internal/loader/Resource;)Ljava/lang/Class;+29 java.base@17.0.7
j  jdk.internal.loader.BuiltinClassLoader.findClassOnClassPathOrNull(Ljava/lang/String;)Ljava/lang/Class;+37 java.base@17.0.7
j  jdk.internal.loader.BuiltinClassLoader.loadClassOrNull(Ljava/lang/String;Z)Ljava/lang/Class;+111 java.base@17.0.7
j  jdk.internal.loader.BuiltinClassLoader.loadClass(Ljava/lang/String;Z)Ljava/lang/Class;+3 java.base@17.0.7
j  jdk.internal.loader.ClassLoaders$AppClassLoader.loadClass(Ljava/lang/String;Z)Ljava/lang/Class;+36 java.base@17.0.7
j  java.lang.ClassLoader.loadClass(Ljava/lang/String;)Ljava/lang/Class;+3 java.base@17.0.7
v  ~StubRoutines::call_stub
j  java.lang.Class.forName0(Ljava/lang/String;ZLjava/lang/ClassLoader;Ljava/lang/Class;)Ljava/lang/Class;+0 java.base@17.0.7
j  java.lang.Class.forName(Ljava/lang/String;ZLjava/lang/ClassLoader;)Ljava/lang/Class;+43 java.base@17.0.7
j  sun.launcher.LauncherHelper.loadMainClass(ILjava/lang/String;)Ljava/lang/Class;+95 java.base@17.0.7
j  sun.launcher.LauncherHelper.checkAndLoadMain(ZILjava/lang/String;)Ljava/lang/Class;+42 java.base@17.0.7
v  ~StubRoutines::call_stub

---------------  P R O C E S S  ---------------

Threads class SMR info:
_java_thread_list=0x000001ab69d4d620, length=13, elements={
0x000001ab508af320, 0x000001ab5096b4f0, 0x000001ab5096ead0, 0x000001ab64729fd0,
0x000001ab6472eaa0, 0x000001ab699f7810, 0x000001ab699f81c0, 0x000001ab699f8f50,
0x000001ab69a45af0, 0x000001ab69a4dd00, 0x000001ab5090ed40, 0x000001ab6a9c07b0,
0x000001ab69d9b3c0
}

Java Threads: ( => current thread )
=>0x000001ab508af320 JavaThread "main" [_thread_in_vm, id=19724, stack(0x0000007a3b000000,0x0000007a3b100000)]
  0x000001ab5096b4f0 JavaThread "Reference Handler" daemon [_thread_blocked, id=3628, stack(0x0000007a3b300000,0x0000007a3b400000)]
  0x000001ab5096ead0 JavaThread "Finalizer" daemon [_thread_blocked, id=15692, stack(0x0000007a3b400000,0x0000007a3b500000)]
  0x000001ab64729fd0 JavaThread "Signal Dispatcher" daemon [_thread_blocked, id=16184, stack(0x0000007a3b500000,0x0000007a3b600000)]
  0x000001ab6472eaa0 JavaThread "Attach Listener" daemon [_thread_blocked, id=12084, stack(0x0000007a3b600000,0x0000007a3b700000)]
  0x000001ab699f7810 JavaThread "Service Thread" daemon [_thread_blocked, id=6728, stack(0x0000007a3b700000,0x0000007a3b800000)]
  0x000001ab699f81c0 JavaThread "Monitor Deflation Thread" daemon [_thread_blocked, id=11792, stack(0x0000007a3b800000,0x0000007a3b900000)]
  0x000001ab699f8f50 JavaThread "C2 CompilerThread0" daemon [_thread_blocked, id=3808, stack(0x0000007a3b900000,0x0000007a3ba00000)]
  0x000001ab69a45af0 JavaThread "C1 CompilerThread0" daemon [_thread_blocked, id=19528, stack(0x0000007a3ba00000,0x0000007a3bb00000)]
  0x000001ab69a4dd00 JavaThread "Sweeper thread" daemon [_thread_blocked, id=18084, stack(0x0000007a3bb00000,0x0000007a3bc00000)]
  0x000001ab5090ed40 JavaThread "Common-Cleaner" daemon [_thread_blocked, id=13224, stack(0x0000007a3bc00000,0x0000007a3bd00000)]
  0x000001ab6a9c07b0 JavaThread "Notification Thread" daemon [_thread_blocked, id=11204, stack(0x0000007a3bd00000,0x0000007a3be00000)]
  0x000001ab69d9b3c0 JavaThread "C2 CompilerThread1" daemon [_thread_in_native, id=12220, stack(0x0000007a3bf00000,0x0000007a3c000000)]

Other Threads:
  0x000001ab6471fc40 VMThread "VM Thread" [stack: 0x0000007a3b200000,0x0000007a3b300000] [id=10876]
  0x000001ab6a9c0c80 WatcherThread [stack: 0x0000007a3be00000,0x0000007a3bf00000] [id=12452]
  0x000001ab508c3d50 GCTaskThread "GC Thread#0" [stack: 0x0000007a3b100000,0x0000007a3b200000] [id=10608]

Threads with active compile tasks:
C2 CompilerThread1      777  493       4       lombok.patcher.PatchScript::classMatches (41 bytes)

VM state: not at safepoint (normal execution)

VM Mutex/Monitor currently owned by a thread:  ([mutex/lock_event])
[0x000001ab508a9fb0] Metaspace_lock - owner thread: 0x000001ab508af320

Heap address: 0x00000000c0000000, size: 1024 MB, Compressed Oops mode: 32-bit

CDS archive(s) not mapped
Compressed class space mapped at: 0x0000000100000000-0x0000000140000000, reserved size: 1073741824
Narrow klass base: 0x0000000000000000, Narrow klass shift: 3, Narrow klass range: 0x140000000

GC Precious Log:
 CPUs: 8 total, 8 available
 Memory: 16270M
 Large Page Support: Disabled
 NUMA Support: Disabled
 Compressed Oops: Enabled (32-bit)
 Alignments: Space 512K, Generation 512K, Heap 2M
 Heap Min Capacity: 100M
 Heap Initial Capacity: 100M
 Heap Max Capacity: 1G
 Pre-touch: Disabled
 Parallel Workers: 8

Heap:
 PSYoungGen      total 29696K, used 11470K [0x00000000eab00000, 0x00000000ecc00000, 0x0000000100000000)
  eden space 25600K, 44% used [0x00000000eab00000,0x00000000eb6339e8,0x00000000ec400000)
  from space 4096K, 0% used [0x00000000ec800000,0x00000000ec800000,0x00000000ecc00000)
  to   space 4096K, 0% used [0x00000000ec400000,0x00000000ec400000,0x00000000ec800000)
 ParOldGen       total 68608K, used 0K [0x00000000c0000000, 0x00000000c4300000, 0x00000000eab00000)
  object space 68608K, 0% used [0x00000000c0000000,0x00000000c0000000,0x00000000c4300000)
 Metaspace       used 8437K, committed 8512K, reserved 1114112K
  class space    used 829K, committed 896K, reserved 1048576K

Card table byte_map: [0x000001ab50250000,0x000001ab50460000] _byte_map_base: 0x000001ab4fc50000

Marking Bits: (ParMarkBitMap*) 0x00007ff86fdc52c0
 Begin Bits: [0x000001ab62530000, 0x000001ab63530000)
 End Bits:   [0x000001ab63530000, 0x000001ab64530000)

Polling page: 0x000001ab4ea20000

Metaspace:

Usage:
  Non-class:      7.43 MB used.
      Class:    829.69 KB used.
       Both:      8.24 MB used.

Virtual space:
  Non-class space:       64.00 MB reserved,       7.44 MB ( 12%) committed,  1 nodes.
      Class space:        1.00 GB reserved,     896.00 KB ( <1%) committed,  1 nodes.
             Both:        1.06 GB reserved,       8.31 MB ( <1%) committed. 

Chunk freelists:
   Non-Class:  8.00 MB
       Class:  15.09 MB
        Both:  23.09 MB

MaxMetaspaceSize: unlimited
CompressedClassSpaceSize: 1.00 GB
Initial GC threshold: 21.00 MB
Current GC threshold: 21.00 MB
CDS: off
MetaspaceReclaimPolicy: balanced
 - commit_granule_bytes: 65536.
 - commit_granule_words: 8192.
 - virtual_space_node_default_size: 8388608.
 - enlarge_chunks_in_place: 1.
 - new_chunks_are_fully_committed: 0.
 - uncommit_free_chunks: 1.
 - use_allocation_guard: 0.
 - handle_deallocations: 1.


Internal statistics:

num_allocs_failed_limit: 0.
num_arena_births: 10.
num_arena_deaths: 0.
num_vsnodes_births: 2.
num_vsnodes_deaths: 0.
num_space_committed: 133.
num_space_uncommitted: 0.
num_chunks_returned_to_freelist: 0.
num_chunks_taken_from_freelist: 38.
num_chunk_merges: 0.
num_chunk_splits: 21.
num_chunks_enlarged: 17.
num_inconsistent_stats: 0.

CodeHeap 'non-profiled nmethods': size=120000Kb used=175Kb max_used=175Kb free=119824Kb
 bounds [0x000001ab5b000000, 0x000001ab5b270000, 0x000001ab62530000]
CodeHeap 'profiled nmethods': size=120000Kb used=699Kb max_used=699Kb free=119300Kb
 bounds [0x000001ab53530000, 0x000001ab537a0000, 0x000001ab5aa60000]
CodeHeap 'non-nmethods': size=5760Kb used=1128Kb max_used=1149Kb free=4632Kb
 bounds [0x000001ab5aa60000, 0x000001ab5acd0000, 0x000001ab5b000000]
 total_blobs=915 nmethods=500 adapters=330
 compilation: enabled
              stopped_count=0, restarted_count=0
 full_count=0

Compilation events (20 events):
Event: 0.686 Thread 0x000001ab69d9b3c0  492       4       java.util.Collections$UnmodifiableCollection::iterator (9 bytes)
Event: 0.686 Thread 0x000001ab69a45af0 nmethod 489 0x000001ab535db410 code [0x000001ab535db700, 0x000001ab535dcbb8]
Event: 0.686 Thread 0x000001ab69a45af0  491       3       java.util.regex.Pattern::peek (26 bytes)
Event: 0.686 Thread 0x000001ab69a45af0 nmethod 491 0x000001ab535dd190 code [0x000001ab535dd340, 0x000001ab535dd5a8]
Event: 0.686 Thread 0x000001ab69a45af0  490       3       java.lang.Enum::equals (11 bytes)
Event: 0.686 Thread 0x000001ab69a45af0 nmethod 490 0x000001ab535dd710 code [0x000001ab535dd8a0, 0x000001ab535dda18]
Event: 0.687 Thread 0x000001ab699f8f50 nmethod 483 0x000001ab5b028090 code [0x000001ab5b028200, 0x000001ab5b0284d8]
Event: 0.687 Thread 0x000001ab699f8f50  466       4       lombok.patcher.scripts.MethodLevelPatchScript::patch (21 bytes)
Event: 0.701 Thread 0x000001ab69d9b3c0 nmethod 492 0x000001ab5b028610 code [0x000001ab5b0287e0, 0x000001ab5b028e58]
Event: 0.701 Thread 0x000001ab69d9b3c0  493       4       lombok.patcher.PatchScript::classMatches (41 bytes)
Event: 0.704 Thread 0x000001ab69a45af0  494       3       java.lang.Byte::<init> (10 bytes)
Event: 0.704 Thread 0x000001ab69a45af0 nmethod 494 0x000001ab535dda90 code [0x000001ab535ddc40, 0x000001ab535dde18]
Event: 0.705 Thread 0x000001ab69a45af0  495       3       java.lang.reflect.Modifier::isPublic (12 bytes)
Event: 0.705 Thread 0x000001ab69a45af0 nmethod 495 0x000001ab535ddf10 code [0x000001ab535de0a0, 0x000001ab535de1f8]
Event: 0.706 Thread 0x000001ab69a45af0  496       3       java.util.TreeMap::parentOf (13 bytes)
Event: 0.706 Thread 0x000001ab69a45af0 nmethod 496 0x000001ab535de290 code [0x000001ab535de420, 0x000001ab535de598]
Event: 0.714 Thread 0x000001ab69a45af0  497       3       java.lang.reflect.Modifier::isProtected (12 bytes)
Event: 0.715 Thread 0x000001ab69a45af0 nmethod 497 0x000001ab535de690 code [0x000001ab535de820, 0x000001ab535de978]
Event: 0.721 Thread 0x000001ab69a45af0  498       3       java.lang.invoke.MemberName::initResolved (53 bytes)
Event: 0.721 Thread 0x000001ab69a45af0 nmethod 498 0x000001ab535dea10 code [0x000001ab535deba0, 0x000001ab535ded18]

GC Heap History (0 events):
No events

Dll operation events (8 events):
Event: 0.010 Loaded shared library c:\Users\Saurabh Kumar\.vscode\extensions\redhat.java-1.21.0-win32-x64\jre\17.0.7-win32-x86_64\bin\java.dll
Event: 0.269 Loaded shared library c:\Users\Saurabh Kumar\.vscode\extensions\redhat.java-1.21.0-win32-x64\jre\17.0.7-win32-x86_64\bin\zip.dll
Event: 0.273 Loaded shared library C:\Users\Saurabh Kumar\.vscode\extensions\redhat.java-1.21.0-win32-x64\jre\17.0.7-win32-x86_64\bin\instrument.dll
Event: 0.295 Loaded shared library C:\Users\Saurabh Kumar\.vscode\extensions\redhat.java-1.21.0-win32-x64\jre\17.0.7-win32-x86_64\bin\net.dll
Event: 0.297 Loaded shared library C:\Users\Saurabh Kumar\.vscode\extensions\redhat.java-1.21.0-win32-x64\jre\17.0.7-win32-x86_64\bin\nio.dll
Event: 0.309 Loaded shared library C:\Users\Saurabh Kumar\.vscode\extensions\redhat.java-1.21.0-win32-x64\jre\17.0.7-win32-x86_64\bin\zip.dll
Event: 0.333 Loaded shared library C:\Users\Saurabh Kumar\.vscode\extensions\redhat.java-1.21.0-win32-x64\jre\17.0.7-win32-x86_64\bin\jimage.dll
Event: 0.431 Loaded shared library c:\Users\Saurabh Kumar\.vscode\extensions\redhat.java-1.21.0-win32-x64\jre\17.0.7-win32-x86_64\bin\verify.dll

Deoptimization events (20 events):
Event: 0.566 Thread 0x000001ab508af320 DEOPT PACKING pc=0x000001ab53564600 sp=0x0000007a3b0fdaa0
Event: 0.566 Thread 0x000001ab508af320 DEOPT UNPACKING pc=0x000001ab5aab6e43 sp=0x0000007a3b0fcf60 mode 0
Event: 0.570 Thread 0x000001ab508af320 DEOPT PACKING pc=0x000001ab53564600 sp=0x0000007a3b0fcb50
Event: 0.570 Thread 0x000001ab508af320 DEOPT UNPACKING pc=0x000001ab5aab6e43 sp=0x0000007a3b0fc010 mode 0
Event: 0.574 Thread 0x000001ab508af320 DEOPT PACKING pc=0x000001ab53564600 sp=0x0000007a3b0fb380
Event: 0.574 Thread 0x000001ab508af320 DEOPT UNPACKING pc=0x000001ab5aab6e43 sp=0x0000007a3b0fa840 mode 0
Event: 0.575 Thread 0x000001ab508af320 DEOPT PACKING pc=0x000001ab53564600 sp=0x0000007a3b0fa6c0
Event: 0.575 Thread 0x000001ab508af320 DEOPT UNPACKING pc=0x000001ab5aab6e43 sp=0x0000007a3b0f9b80 mode 0
Event: 0.577 Thread 0x000001ab508af320 DEOPT PACKING pc=0x000001ab53564527 sp=0x0000007a3b0fb990
Event: 0.577 Thread 0x000001ab508af320 DEOPT UNPACKING pc=0x000001ab5aab6e43 sp=0x0000007a3b0fae40 mode 0
Event: 0.582 Thread 0x000001ab508af320 DEOPT PACKING pc=0x000001ab53564600 sp=0x0000007a3b0fadd0
Event: 0.582 Thread 0x000001ab508af320 DEOPT UNPACKING pc=0x000001ab5aab6e43 sp=0x0000007a3b0fa290 mode 0
Event: 0.649 Thread 0x000001ab508af320 Uncommon trap: trap_request=0xffffff45 fr.pc=0x000001ab5b015d34 relative=0x00000000000000b4
Event: 0.649 Thread 0x000001ab508af320 Uncommon trap: reason=unstable_if action=reinterpret pc=0x000001ab5b015d34 method=java.net.URI.match(CJJ)Z @ 45 c2
Event: 0.649 Thread 0x000001ab508af320 DEOPT PACKING pc=0x000001ab5b015d34 sp=0x0000007a3b0fcb80
Event: 0.650 Thread 0x000001ab508af320 DEOPT UNPACKING pc=0x000001ab5aab66a3 sp=0x0000007a3b0fcb08 mode 2
Event: 0.669 Thread 0x000001ab508af320 Uncommon trap: trap_request=0xffffff45 fr.pc=0x000001ab5b024258 relative=0x0000000000000678
Event: 0.669 Thread 0x000001ab508af320 Uncommon trap: reason=unstable_if action=reinterpret pc=0x000001ab5b024258 method=java.lang.String.replace(Ljava/lang/CharSequence;Ljava/lang/CharSequence;)Ljava/lang/String; @ 48 c2
Event: 0.669 Thread 0x000001ab508af320 DEOPT PACKING pc=0x000001ab5b024258 sp=0x0000007a3b0fcad0
Event: 0.669 Thread 0x000001ab508af320 DEOPT UNPACKING pc=0x000001ab5aab66a3 sp=0x0000007a3b0fca50 mode 2

Classes unloaded (0 events):
No events

Classes redefined (0 events):
No events

Internal exceptions (2 events):
Event: 0.224 Thread 0x000001ab508af320 Exception <a 'java/lang/NoSuchMethodError'{0x00000000eacb27c8}: 'void java.lang.invoke.DirectMethodHandle$Holder.invokeStatic(java.lang.Object, java.lang.Object, java.lang.Object)'> (0x00000000eacb27c8) 
thrown [s\src\hotspot\share\interpreter\linkResolver.cpp, line 759]
Event: 0.460 Thread 0x000001ab508af320 Exception <a 'java/lang/reflect/InvocationTargetException'{0x00000000eaf8a450}> (0x00000000eaf8a450) 
thrown [s\src\hotspot\share\runtime\reflection.cpp, line 1121]

VM Operations (4 events):
Event: 0.230 Executing VM operation: HandshakeAllThreads
Event: 0.230 Executing VM operation: HandshakeAllThreads done
Event: 0.360 Executing VM operation: HandshakeAllThreads
Event: 0.360 Executing VM operation: HandshakeAllThreads done

Events (20 events):
Event: 0.730 loading class jdk/internal/icu/text/NormalizerBase$NONEMode done
Event: 0.730 loading class jdk/internal/icu/text/NormalizerBase$NFDMode
Event: 0.730 loading class jdk/internal/icu/text/NormalizerBase$NFDMode done
Event: 0.730 loading class jdk/internal/icu/text/NormalizerBase$NFKDMode
Event: 0.730 loading class jdk/internal/icu/text/NormalizerBase$NFKDMode done
Event: 0.730 loading class jdk/internal/icu/text/NormalizerBase$NFCMode
Event: 0.730 loading class jdk/internal/icu/text/NormalizerBase$NFCMode done
Event: 0.730 loading class jdk/internal/icu/text/NormalizerBase$NFKCMode
Event: 0.730 loading class jdk/internal/icu/text/NormalizerBase$NFKCMode done
Event: 0.730 loading class jdk/internal/icu/text/NormalizerBase$1
Event: 0.730 loading class jdk/internal/icu/text/NormalizerBase$1 done
Event: 0.731 loading class jdk/internal/icu/text/NormalizerBase$NFKDModeImpl
Event: 0.731 loading class jdk/internal/icu/text/NormalizerBase$NFKDModeImpl done
Event: 0.731 loading class jdk/internal/icu/text/NormalizerBase$ModeImpl
Event: 0.731 loading class jdk/internal/icu/text/NormalizerBase$ModeImpl done
Event: 0.732 loading class jdk/internal/icu/text/Normalizer2
Event: 0.732 loading class jdk/internal/icu/text/Normalizer2 done
Event: 0.732 loading class jdk/internal/icu/impl/Norm2AllModes
Event: 0.732 loading class jdk/internal/icu/impl/Norm2AllModes done
Event: 0.732 loading class jdk/internal/icu/impl/Norm2AllModes$NoopNormalizer2


Dynamic libraries:
0x00007ff6a8080000 - 0x00007ff6a808e000 	c:\Users\Saurabh Kumar\.vscode\extensions\redhat.java-1.21.0-win32-x64\jre\17.0.7-win32-x86_64\bin\java.exe
0x00007ff8d9130000 - 0x00007ff8d9344000 	C:\WINDOWS\SYSTEM32\ntdll.dll
0x00007ff8d8db0000 - 0x00007ff8d8e74000 	C:\WINDOWS\System32\KERNEL32.DLL
0x00007ff8d6a20000 - 0x00007ff8d6dc4000 	C:\WINDOWS\System32\KERNELBASE.dll
0x00007ff8d6dd0000 - 0x00007ff8d6ee1000 	C:\WINDOWS\System32\ucrtbase.dll
0x00007ff8bff00000 - 0x00007ff8bff17000 	c:\Users\Saurabh Kumar\.vscode\extensions\redhat.java-1.21.0-win32-x64\jre\17.0.7-win32-x86_64\bin\jli.dll
0x00007ff8c0c70000 - 0x00007ff8c0c89000 	c:\Users\Saurabh Kumar\.vscode\extensions\redhat.java-1.21.0-win32-x64\jre\17.0.7-win32-x86_64\bin\VCRUNTIME140.dll
0x00007ff8b5a50000 - 0x00007ff8b5cdf000 	C:\WINDOWS\WinSxS\amd64_microsoft.windows.common-controls_6595b64144ccf1df_6.0.22621.2070_none_2713e6537381f706\COMCTL32.dll
0x00007ff8d8260000 - 0x00007ff8d8307000 	C:\WINDOWS\System32\msvcrt.dll
0x00007ff8d7f70000 - 0x00007ff8d7f99000 	C:\WINDOWS\System32\GDI32.dll
0x00007ff8d6510000 - 0x00007ff8d6536000 	C:\WINDOWS\System32\win32u.dll
0x00007ff8d66a0000 - 0x00007ff8d67b9000 	C:\WINDOWS\System32\gdi32full.dll
0x00007ff8d6600000 - 0x00007ff8d669a000 	C:\WINDOWS\System32\msvcp_win.dll
0x00007ff8d7cd0000 - 0x00007ff8d7e7a000 	C:\WINDOWS\System32\USER32.dll
0x00007ff8d8220000 - 0x00007ff8d8251000 	C:\WINDOWS\System32\IMM32.DLL
0x00007ff8d0630000 - 0x00007ff8d063c000 	c:\Users\Saurabh Kumar\.vscode\extensions\redhat.java-1.21.0-win32-x64\jre\17.0.7-win32-x86_64\bin\vcruntime140_1.dll
0x00007ff893430000 - 0x00007ff8934c1000 	c:\Users\Saurabh Kumar\.vscode\extensions\redhat.java-1.21.0-win32-x64\jre\17.0.7-win32-x86_64\bin\msvcp140.dll
0x00007ff86f240000 - 0x00007ff86fe88000 	c:\Users\Saurabh Kumar\.vscode\extensions\redhat.java-1.21.0-win32-x64\jre\17.0.7-win32-x86_64\bin\server\jvm.dll
0x00007ff8d8310000 - 0x00007ff8d83c0000 	C:\WINDOWS\System32\ADVAPI32.dll
0x00007ff8d8690000 - 0x00007ff8d8736000 	C:\WINDOWS\System32\sechost.dll
0x00007ff8d8e80000 - 0x00007ff8d8f97000 	C:\WINDOWS\System32\RPCRT4.dll
0x00007ff8b6050000 - 0x00007ff8b6059000 	C:\WINDOWS\SYSTEM32\WSOCK32.dll
0x00007ff8cf420000 - 0x00007ff8cf454000 	C:\WINDOWS\SYSTEM32\WINMM.dll
0x00007ff8d8d30000 - 0x00007ff8d8da1000 	C:\WINDOWS\System32\WS2_32.dll
0x00007ff8ce280000 - 0x00007ff8ce28a000 	C:\WINDOWS\SYSTEM32\VERSION.dll
0x00007ff8d54c0000 - 0x00007ff8d54d8000 	C:\WINDOWS\SYSTEM32\kernel.appcore.dll
0x00007ff8c1700000 - 0x00007ff8c170a000 	c:\Users\Saurabh Kumar\.vscode\extensions\redhat.java-1.21.0-win32-x64\jre\17.0.7-win32-x86_64\bin\jimage.dll
0x00007ff8d3e80000 - 0x00007ff8d40ae000 	C:\WINDOWS\SYSTEM32\DBGHELP.DLL
0x00007ff8d7880000 - 0x00007ff8d7c0a000 	C:\WINDOWS\System32\combase.dll
0x00007ff8d7e80000 - 0x00007ff8d7f57000 	C:\WINDOWS\System32\OLEAUT32.dll
0x00007ff8b9900000 - 0x00007ff8b9932000 	C:\WINDOWS\SYSTEM32\dbgcore.DLL
0x00007ff8d6830000 - 0x00007ff8d68aa000 	C:\WINDOWS\System32\bcryptPrimitives.dll
0x00007ff8c1480000 - 0x00007ff8c148e000 	c:\Users\Saurabh Kumar\.vscode\extensions\redhat.java-1.21.0-win32-x64\jre\17.0.7-win32-x86_64\bin\instrument.dll
0x00007ff89abc0000 - 0x00007ff89abe5000 	c:\Users\Saurabh Kumar\.vscode\extensions\redhat.java-1.21.0-win32-x64\jre\17.0.7-win32-x86_64\bin\java.dll
0x00007ff8aa6c0000 - 0x00007ff8aa6d8000 	c:\Users\Saurabh Kumar\.vscode\extensions\redhat.java-1.21.0-win32-x64\jre\17.0.7-win32-x86_64\bin\zip.dll
0x00007ff8d6f00000 - 0x00007ff8d7716000 	C:\WINDOWS\System32\SHELL32.dll
0x00007ff8d4490000 - 0x00007ff8d4d7a000 	C:\WINDOWS\SYSTEM32\windows.storage.dll
0x00007ff8d4350000 - 0x00007ff8d448e000 	C:\WINDOWS\SYSTEM32\wintypes.dll
0x00007ff8d8740000 - 0x00007ff8d8833000 	C:\WINDOWS\System32\SHCORE.dll
0x00007ff8d7c70000 - 0x00007ff8d7cce000 	C:\WINDOWS\System32\shlwapi.dll
0x00007ff8d6440000 - 0x00007ff8d6466000 	C:\WINDOWS\SYSTEM32\profapi.dll
0x00007ff8aa0e0000 - 0x00007ff8aa0f9000 	C:\Users\Saurabh Kumar\.vscode\extensions\redhat.java-1.21.0-win32-x64\jre\17.0.7-win32-x86_64\bin\net.dll
0x00007ff8d02b0000 - 0x00007ff8d03e7000 	C:\WINDOWS\SYSTEM32\WINHTTP.dll
0x00007ff8d5990000 - 0x00007ff8d59f9000 	C:\WINDOWS\system32\mswsock.dll
0x00007ff8a0be0000 - 0x00007ff8a0bf5000 	C:\Users\Saurabh Kumar\.vscode\extensions\redhat.java-1.21.0-win32-x64\jre\17.0.7-win32-x86_64\bin\nio.dll
0x00007ff8c1210000 - 0x00007ff8c1220000 	c:\Users\Saurabh Kumar\.vscode\extensions\redhat.java-1.21.0-win32-x64\jre\17.0.7-win32-x86_64\bin\verify.dll

dbghelp: loaded successfully - version: 4.0.5 - missing functions: none
symbol engine: initialized successfully - sym options: 0x614 - pdb path: .;c:\Users\Saurabh Kumar\.vscode\extensions\redhat.java-1.21.0-win32-x64\jre\17.0.7-win32-x86_64\bin;C:\WINDOWS\SYSTEM32;C:\WINDOWS\WinSxS\amd64_microsoft.windows.common-controls_6595b64144ccf1df_6.0.22621.2070_none_2713e6537381f706;c:\Users\Saurabh Kumar\.vscode\extensions\redhat.java-1.21.0-win32-x64\jre\17.0.7-win32-x86_64\bin\server

VM Arguments:
jvm_args: --add-modules=ALL-SYSTEM --add-opens=java.base/java.util=ALL-UNNAMED --add-opens=java.base/java.lang=ALL-UNNAMED --add-opens=java.base/sun.nio.fs=ALL-UNNAMED -Declipse.application=org.eclipse.jdt.ls.core.id1 -Dosgi.bundles.defaultStartLevel=4 -Declipse.product=org.eclipse.jdt.ls.core.product -Djava.import.generatesMetadataFilesAtProjectRoot=false -Dfile.encoding=utf8 -XX:+UseParallelGC -XX:GCTimeRatio=4 -XX:AdaptiveSizePolicyWeight=90 -Dsun.zip.disableMemoryMapping=true -Xmx1G -Xms100m -Xlog:disable -javaagent:c:\Users\Saurabh Kumar\.vscode\extensions\redhat.java-1.21.0-win32-x64\lombok\lombok-1.18.28.jar -XX:+HeapDumpOnOutOfMemoryError -XX:HeapDumpPath=c:\Users\Saurabh Kumar\AppData\Roaming\Code\User\workspaceStorage\dee38c552052ed1b6d233fe54e294ac5\redhat.java -Daether.dependencyCollector.impl=bf 
java_command: c:\Users\Saurabh Kumar\.vscode\extensions\redhat.java-1.21.0-win32-x64\server\plugins\org.eclipse.equinox.launcher_1.6.500.v20230717-2134.jar -configuration c:\Users\Saurabh Kumar\AppData\Roaming\Code\User\globalStorage\redhat.java\1.21.0\config_win -data c:\Users\Saurabh Kumar\AppData\Roaming\Code\User\workspaceStorage\dee38c552052ed1b6d233fe54e294ac5\redhat.java\jdt_ws
java_class_path (initial): c:\Users\Saurabh Kumar\.vscode\extensions\redhat.java-1.21.0-win32-x64\server\plugins\org.eclipse.equinox.launcher_1.6.500.v20230717-2134.jar
Launcher Type: SUN_STANDARD

[Global flags]
    uintx AdaptiveSizePolicyWeight                 = 90                                        {product} {command line}
     intx CICompilerCount                          = 4                                         {product} {ergonomic}
    uintx GCTimeRatio                              = 4                                         {product} {command line}
     bool HeapDumpOnOutOfMemoryError               = true                                   {manageable} {command line}
    ccstr HeapDumpPath                             = c:\Users\Saurabh Kumar\AppData\Roaming\Code\User\workspaceStorage\dee38c552052ed1b6d233fe54e294ac5\redhat.java         {manageable} {command line}
   size_t InitialHeapSize                          = 104857600                                 {product} {command line}
   size_t MaxHeapSize                              = 1073741824                                {product} {command line}
   size_t MaxNewSize                               = 357564416                                 {product} {ergonomic}
   size_t MinHeapDeltaBytes                        = 524288                                    {product} {ergonomic}
   size_t MinHeapSize                              = 104857600                                 {product} {command line}
   size_t NewSize                                  = 34603008                                  {product} {ergonomic}
    uintx NonNMethodCodeHeapSize                   = 5839372                                {pd product} {ergonomic}
    uintx NonProfiledCodeHeapSize                  = 122909434                              {pd product} {ergonomic}
   size_t OldSize                                  = 70254592                                  {product} {ergonomic}
    uintx ProfiledCodeHeapSize                     = 122909434                              {pd product} {ergonomic}
    uintx ReservedCodeCacheSize                    = 251658240                              {pd product} {ergonomic}
     bool SegmentedCodeCache                       = true                                      {product} {ergonomic}
   size_t SoftMaxHeapSize                          = 1073741824                             {manageable} {ergonomic}
     bool UseCompressedClassPointers               = true                           {product lp64_product} {ergonomic}
     bool UseCompressedOops                        = true                           {product lp64_product} {ergonomic}
     bool UseLargePagesIndividualAllocation        = false                                  {pd product} {ergonomic}
     bool UseParallelGC                            = true                                      {product} {command line}

Logging:
Log output configuration:
 #0: stdout all=off uptime,level,tags
 #1: stderr all=off uptime,level,tags

Environment Variables:
JAVA_HOME=C:\Program Files\Java\jdk-11.0.17
PATH=C:\Program Files\Microsoft\jdk-11.0.18.10-hotspot\bin;C:\Python311\Scripts\;C:\Python311\;C:\Python310\Scripts\;C:\Python310\;C:\Program Files (x86)\Common Files\Oracle\Java\javapath;C:\WINDOWS\system32;C:\WINDOWS;C:\WINDOWS\System32\Wbem;C:\WINDOWS\System32\WindowsPowerShell\v1.0\;C:\Program Files (x86)\Microsoft SQL Server\150\DTS\Binn\;C:\Program Files\Azure Data Studio\bin;C:\WINDOWS\System32\OpenSSH\;C:\Program Files\Java\jdk1.8.0_321\bin;C:\Program Files\Microsoft SQL Server\150\Tools\Binn\;C:\Program Files (x86)\Microsoft SQL Server\100\Tools\Binn\;C:\Program Files\Microsoft SQL Server\100\Tools\Binn\;C:\Program Files\Microsoft SQL Server\100\DTS\Binn\;C:\Program Files\Git\cmd;C:\ProgramData\chocolatey\bin;C:\Program Files\nodejs;C:\Program Files\nodejs\;%LOCALAPPDATA%\Android\Sdk\platform-tools;C:\composer;C:\AppServ\php5;C:\Users\Saurabh Kumar\AppData\Local\Android\Sdk\platform-tools;;C:\WINDOWS\system32;C:\WINDOWS;C:\WINDOWS\System32\Wbem;C:\WINDOWS\System32\WindowsPowerShell\v1.0\;C:\WINDOWS\System32\OpenSSH\;C:\Program Files\Microsoft SQL Server\Client SDK\ODBC\170\Tools\Binn\;C:\Program Files\dotnet\;C:\Program Files\nodejs;C:\Users\Saurabh Kumar\AppData\Local\Programs\Microsoft VS Code\bin;C:\src\flutter\bin;C:\Users\Saurabh Kumar\AppData\Roaming\npm;C:\Users\Saurabh Kumar\AppData\Roaming\Composer\vendor\bin;;C:\Users\Saurabh Kumar\AppData\Local\Microsoft\WindowsApps;C:\Users\Saurabh Kumar\.dotnet\tools
USERNAME=Saurabh Kumar
OS=Windows_NT
PROCESSOR_IDENTIFIER=Intel64 Family 6 Model 142 Stepping 12, GenuineIntel
TMP=C:\Users\SAURAB~1\AppData\Local\Temp
TEMP=C:\Users\SAURAB~1\AppData\Local\Temp



---------------  S Y S T E M  ---------------

OS:
 Windows 11 , 64 bit Build 22621 (10.0.22621.2070)
OS uptime: 0 days 20:56 hours
Hyper-V role detected

CPU: total 8 (initial active 8) (4 cores per cpu, 2 threads per core) family 6 model 142 stepping 12 microcode 0xde, cx8, cmov, fxsr, ht, mmx, 3dnowpref, sse, sse2, sse3, ssse3, sse4.1, sse4.2, popcnt, lzcnt, tsc, tscinvbit, avx, avx2, aes, erms, clmul, bmi1, bmi2, adx, fma, vzeroupper, clflush, clflushopt, hv

Memory: 4k page, system-wide physical 16270M (3222M free)
TotalPageFile size 20366M (AvailPageFile size 0M)
current process WorkingSet (physical memory assigned to process): 51M, peak: 52M
current process commit charge ("private bytes"): 193M, peak: 194M

vm_info: OpenJDK 64-Bit Server VM (17.0.7+7) for windows-amd64 JRE (17.0.7+7), built on Apr 18 2023 22:10:42 by "temurin" with MS VC++ 16.7 (VS2019)

END.
