#
# There is insufficient memory for the Java Runtime Environment to continue.
# Native memory allocation (malloc) failed to allocate 922576 bytes for Chunk::new
# Possible reasons:
#   The system is out of physical RAM or swap space
#   The process is running with CompressedOops enabled, and the Java Heap may be blocking the growth of the native heap
# Possible solutions:
#   Reduce memory load on the system
#   Increase physical memory or swap space
#   Check if swap backing store is full
#   Decrease Java heap size (-Xmx/-Xms)
#   Decrease number of Java threads
#   Decrease Java thread stack sizes (-Xss)
#   Set larger code cache with -XX:ReservedCodeCacheSize=
#   JVM is running with Unscaled Compressed Oops mode in which the Java heap is
#     placed in the first 4GB address space. The Java Heap base address is the
#     maximum limit for the native heap growth. Please use -XX:HeapBaseMinAddress
#     to set the Java Heap base and to place the Java Heap above 4GB virtual address.
# This output file may be truncated or incomplete.
#
#  Out of Memory Error (./open/src/hotspot/share/memory/arena.cpp:197), pid=12216, tid=9048
#
# JRE version: Java(TM) SE Runtime Environment 18.9 (11.0.17+10) (build 11.0.17+10-LTS-269)
# Java VM: Java HotSpot(TM) 64-Bit Server VM 18.9 (11.0.17+10-LTS-269, mixed mode, tiered, compressed oops, g1 gc, windows-amd64)
# No core dump will be written. Minidumps are not enabled by default on client versions of Windows
#

---------------  S U M M A R Y ------------

Command Line: -XX:MaxMetaspaceSize=512m --add-opens=java.base/java.util=ALL-UNNAMED --add-opens=java.base/java.lang=ALL-UNNAMED --add-opens=java.base/java.lang.invoke=ALL-UNNAMED --add-opens=java.base/java.util=ALL-UNNAMED --add-opens=java.prefs/java.util.prefs=ALL-UNNAMED --add-opens=java.prefs/java.util.prefs=ALL-UNNAMED --add-opens=java.base/java.nio.charset=ALL-UNNAMED --add-opens=java.base/java.net=ALL-UNNAMED --add-opens=java.base/java.util.concurrent.atomic=ALL-UNNAMED -Xmx2048m -Dfile.encoding=windows-1252 -Duser.country=US -Duser.language=en -Duser.variant org.gradle.launcher.daemon.bootstrap.GradleDaemon 7.3.3

Host: Intel(R) Core(TM) i5-8265U CPU @ 1.60GHz, 8 cores, 11G,  Windows 11 , 64 bit Build 22621 (10.0.22621.1485)
Time: Mon May  8 21:36:48 2023 India Standard Time elapsed time: 88.806015 seconds (0d 0h 1m 28s)

---------------  T H R E A D  ---------------

Current thread (0x000001bd84e83000):  JavaThread "C2 CompilerThread0" daemon [_thread_in_native, id=9048, stack(0x000000919f700000,0x000000919f800000)]


Current CompileTask:
C2:  88806 9247       4       java.beans.Introspector::addMethod (196 bytes)

Stack: [0x000000919f700000,0x000000919f800000]
Native frames: (J=compiled Java code, j=interpreted, Vv=VM code, C=native code)
V  [jvm.dll+0x62b5da]
V  [jvm.dll+0x7653df]
V  [jvm.dll+0x766a89]
V  [jvm.dll+0x767113]
V  [jvm.dll+0x23dd28]
V  [jvm.dll+0xb2a1c]
V  [jvm.dll+0xb2fdc]
V  [jvm.dll+0x2aeaa4]
V  [jvm.dll+0x53e83b]
V  [jvm.dll+0x1fa3f9]
V  [jvm.dll+0x1f77dd]
V  [jvm.dll+0x177c91]
V  [jvm.dll+0x207296]
V  [jvm.dll+0x20542b]
V  [jvm.dll+0x72b2c0]
V  [jvm.dll+0x723e64]
V  [jvm.dll+0x62a485]
C  [ucrtbase.dll+0x29363]
C  [KERNEL32.DLL+0x1269d]
C  [ntdll.dll+0x5a9f8]


---------------  P R O C E S S  ---------------

Threads class SMR info:
_java_thread_list=0x000001bd8ad17180, length=129, elements={
0x000001bde643c000, 0x000001bd84516800, 0x000001bd84523000, 0x000001bd84e35800,
0x000001bd84e3a800, 0x000001bd84e3b800, 0x000001bd84e83000, 0x000001bd84e84000,
0x000001bd84e85000, 0x000001bd84ff3000, 0x000001bd869c7800, 0x000001bd850c6800,
0x000001bd8783f800, 0x000001bd88563800, 0x000001bd86f0e000, 0x000001bd87219000,
0x000001bd87218000, 0x000001bd8721e000, 0x000001bd87219800, 0x000001bd8721a800,
0x000001bd87b5c800, 0x000001bd87b61800, 0x000001bd87b60800, 0x000001bd87b63000,
0x000001bd87b68000, 0x000001bd87b65800, 0x000001bd87b67000, 0x000001bd87b69800,
0x000001bd87b69000, 0x000001bd87b62800, 0x000001bd87b64000, 0x000001bd87b5e000,
0x000001bd87b6a800, 0x000001bd87b64800, 0x000001bd87b6b800, 0x000001bd8721e800,
0x000001bd8721b800, 0x000001bd8721c000, 0x000001bd8721d000, 0x000001bd889dc000,
0x000001bd889dc800, 0x000001bd889dd800, 0x000001bd889da000, 0x000001bd889db000,
0x000001bd889d7800, 0x000001bd889d9800, 0x000001bd889d8800, 0x000001bd889e4000,
0x000001bd889e0800, 0x000001bd889e0000, 0x000001bd889de800, 0x000001bd889e1800,
0x000001bd889e3000, 0x000001bd889e2800, 0x000001bd889e5000, 0x000001bd889df000,
0x000001bd889e6800, 0x000001bd889e5800, 0x000001bd88347800, 0x000001bd88342800,
0x000001bd88348800, 0x000001bd88345000, 0x000001bd88344800, 0x000001bd88343800,
0x000001bd8834b800, 0x000001bd8834a000, 0x000001bd88346800, 0x000001bd88349000,
0x000001bd88346000, 0x000001bd8834d800, 0x000001bd8834c800, 0x000001bd8834f000,
0x000001bd8834b000, 0x000001bd88351800, 0x000001bd88350800, 0x000001bd8834f800,
0x000001bd8834e000, 0x000001bd8be69800, 0x000001bd8be6c000, 0x000001bd8be73800,
0x000001bd8be71000, 0x000001bd8be75000, 0x000001bd8be6f800, 0x000001bd8be72800,
0x000001bd8be70000, 0x000001bd8be76000, 0x000001bd8be72000, 0x000001bd8be76800,
0x000001bd8be77800, 0x000001bd85681800, 0x000001bd85686000, 0x000001bd85680000,
0x000001bd85686800, 0x000001bd85685000, 0x000001bd85681000, 0x000001bd85688000,
0x000001bd85683800, 0x000001bd85682800, 0x000001bd85689000, 0x000001bd8568a000,
0x000001bd85684000, 0x000001bd8568b800, 0x000001bd8568a800, 0x000001bd8568c800,
0x000001bd8568d000, 0x000001bd85687800, 0x000001bd8568e000, 0x000001bd8568f000,
0x000001bd8be6d000, 0x000001bd8be6e800, 0x000001bd8be6a800, 0x000001bd8be6d800,
0x000001bd8be6b000, 0x000001bd8be69000, 0x000001bd8be74000, 0x000001bd89ffb000,
0x000001bd89fff000, 0x000001bd89ffd800, 0x000001bd89ffc800, 0x000001bd89ffe000,
0x000001bd89fff800, 0x000001bd89ffa000, 0x000001bd89ffb800, 0x000001bd8a005800,
0x000001bd8a002000, 0x000001bd8a004000, 0x000001bd8a003000, 0x000001bd8dab4000,
0x000001bd8a253000
}

Java Threads: ( => current thread )
  0x000001bde643c000 JavaThread "main" [_thread_blocked, id=17824, stack(0x000000919eb00000,0x000000919ec00000)]
  0x000001bd84516800 JavaThread "Reference Handler" daemon [_thread_blocked, id=12824, stack(0x000000919f200000,0x000000919f300000)]
  0x000001bd84523000 JavaThread "Finalizer" daemon [_thread_blocked, id=12048, stack(0x000000919f300000,0x000000919f400000)]
  0x000001bd84e35800 JavaThread "Signal Dispatcher" daemon [_thread_blocked, id=13308, stack(0x000000919f400000,0x000000919f500000)]
  0x000001bd84e3a800 JavaThread "Attach Listener" daemon [_thread_blocked, id=8816, stack(0x000000919f500000,0x000000919f600000)]
  0x000001bd84e3b800 JavaThread "Service Thread" daemon [_thread_blocked, id=11392, stack(0x000000919f600000,0x000000919f700000)]
=>0x000001bd84e83000 JavaThread "C2 CompilerThread0" daemon [_thread_in_native, id=9048, stack(0x000000919f700000,0x000000919f800000)]
  0x000001bd84e84000 JavaThread "C1 CompilerThread0" daemon [_thread_blocked, id=3140, stack(0x000000919f800000,0x000000919f900000)]
  0x000001bd84e85000 JavaThread "Sweeper thread" daemon [_thread_blocked, id=11048, stack(0x000000919f900000,0x000000919fa00000)]
  0x000001bd84ff3000 JavaThread "Common-Cleaner" daemon [_thread_blocked, id=1676, stack(0x000000919fa00000,0x000000919fb00000)]
  0x000001bd869c7800 JavaThread "Daemon health stats" [_thread_blocked, id=8572, stack(0x00000091a0100000,0x00000091a0200000)]
  0x000001bd850c6800 JavaThread "Incoming local TCP Connector on port 55800" [_thread_in_native, id=20196, stack(0x000000919fc00000,0x000000919fd00000)]
  0x000001bd8783f800 JavaThread "Daemon periodic checks" [_thread_blocked, id=14424, stack(0x000000919fd00000,0x000000919fe00000)]
  0x000001bd88563800 JavaThread "Daemon" [_thread_blocked, id=4388, stack(0x00000091a0200000,0x00000091a0300000)]
  0x000001bd86f0e000 JavaThread "Daemon worker" [_thread_in_Java, id=15552, stack(0x00000091a0500000,0x00000091a0600000)]
  0x000001bd87219000 JavaThread "Cache worker for journal cache (C:\Users\Saurabh Kumar\.gradle\caches\journal-1)" [_thread_blocked, id=1896, stack(0x00000091a0900000,0x00000091a0a00000)]
  0x000001bd87218000 JavaThread "File lock request listener" [_thread_in_native, id=2072, stack(0x00000091a0a00000,0x00000091a0b00000)]
  0x000001bd8721e000 JavaThread "Cache worker for file hash cache (C:\Users\Saurabh Kumar\.gradle\caches\7.3.3\fileHashes)" [_thread_blocked, id=2696, stack(0x00000091a0b00000,0x00000091a0c00000)]
  0x000001bd87219800 JavaThread "File watcher server" daemon [_thread_in_native, id=9992, stack(0x00000091a1400000,0x00000091a1500000)]
  0x000001bd8721a800 JavaThread "File watcher consumer" daemon [_thread_blocked, id=18804, stack(0x00000091a1500000,0x00000091a1600000)]
  0x000001bd87b5c800 JavaThread "Cache worker for execution history cache (C:\Users\Saurabh Kumar\.gradle\caches\7.3.3\executionHistory)" [_thread_blocked, id=7488, stack(0x00000091a1900000,0x00000091a1a00000)]
  0x000001bd87b61800 JavaThread "jar transforms" [_thread_blocked, id=14212, stack(0x00000091a1b00000,0x00000091a1c00000)]
  0x000001bd87b60800 JavaThread "jar transforms Thread 2" [_thread_blocked, id=4432, stack(0x00000091a1c00000,0x00000091a1d00000)]
  0x000001bd87b63000 JavaThread "Cache worker for file content cache (C:\Users\Saurabh Kumar\.gradle\caches\7.3.3\fileContent)" [_thread_blocked, id=15772, stack(0x00000091a1d00000,0x00000091a1e00000)]
  0x000001bd87b68000 JavaThread "jar transforms Thread 3" [_thread_blocked, id=16628, stack(0x00000091a1e00000,0x00000091a1f00000)]
  0x000001bd87b65800 JavaThread "jar transforms Thread 4" [_thread_blocked, id=13444, stack(0x00000091a1f00000,0x00000091a2000000)]
  0x000001bd87b67000 JavaThread "Cache worker for kotlin-dsl (C:\Users\Saurabh Kumar\.gradle\caches\7.3.3\kotlin-dsl)" [_thread_blocked, id=14180, stack(0x00000091a1700000,0x00000091a1800000)]
  0x000001bd87b69800 JavaThread "jar transforms Thread 5" [_thread_blocked, id=16908, stack(0x00000091a2000000,0x00000091a2100000)]
  0x000001bd87b69000 JavaThread "jar transforms Thread 6" [_thread_blocked, id=15872, stack(0x00000091a2100000,0x00000091a2200000)]
  0x000001bd87b62800 JavaThread "Handler for socket connection from /127.0.0.1:55800 to /127.0.0.1:56007" [_thread_in_native, id=17936, stack(0x000000919e800000,0x000000919e900000)]
  0x000001bd87b64000 JavaThread "Cancel handler" [_thread_blocked, id=20300, stack(0x000000919e900000,0x000000919ea00000)]
  0x000001bd87b5e000 JavaThread "Asynchronous log dispatcher for DefaultDaemonConnection: socket connection from /127.0.0.1:55800 to /127.0.0.1:56007" [_thread_blocked, id=19724, stack(0x000000919ea00000,0x000000919eb00000)]
  0x000001bd87b6a800 JavaThread "Stdin handler" [_thread_blocked, id=8488, stack(0x00000091a0600000,0x00000091a0700000)]
  0x000001bd87b64800 JavaThread "Daemon client event forwarder" [_thread_blocked, id=3368, stack(0x00000091a0700000,0x00000091a0800000)]
  0x000001bd87b6b800 JavaThread "Cache worker for file hash cache (C:\AppServ\www\staff_management\android\.gradle\7.3.3\fileHashes)" [_thread_blocked, id=20276, stack(0x00000091a0800000,0x00000091a0900000)]
  0x000001bd8721e800 JavaThread "Cache worker for checksums cache (C:\AppServ\www\staff_management\android\.gradle\7.3.3\checksums)" [_thread_blocked, id=16280, stack(0x00000091a1200000,0x00000091a1300000)]
  0x000001bd8721b800 JavaThread "Cache worker for cache directory md-supplier (C:\Users\Saurabh Kumar\.gradle\caches\7.3.3\md-supplier)" [_thread_blocked, id=19524, stack(0x00000091a1300000,0x00000091a1400000)]
  0x000001bd8721c000 JavaThread "Cache worker for cache directory md-rule (C:\Users\Saurabh Kumar\.gradle\caches\7.3.3\md-rule)" [_thread_blocked, id=15028, stack(0x00000091a1600000,0x00000091a1700000)]
  0x000001bd8721d000 JavaThread "Cache worker for dependencies-accessors (C:\AppServ\www\staff_management\android\.gradle\7.3.3\dependencies-accessors)" [_thread_blocked, id=17448, stack(0x00000091a2200000,0x00000091a2300000)]
  0x000001bd889dc000 JavaThread "Cache worker for Build Output Cleanup Cache (C:\AppServ\www\staff_management\node_modules\react-native-gradle-plugin\.gradle\buildOutputCleanup)" [_thread_blocked, id=4504, stack(0x00000091a2300000,0x00000091a2400000)]
  0x000001bd889dc800 JavaThread "jar transforms Thread 7" [_thread_blocked, id=2080, stack(0x00000091a2400000,0x00000091a2500000)]
  0x000001bd889dd800 JavaThread "Unconstrained build operations" [_thread_blocked, id=12224, stack(0x00000091a2500000,0x00000091a2600000)]
  0x000001bd889da000 JavaThread "Unconstrained build operations Thread 2" [_thread_blocked, id=10940, stack(0x00000091a2600000,0x00000091a2700000)]
  0x000001bd889db000 JavaThread "Unconstrained build operations Thread 3" [_thread_blocked, id=880, stack(0x00000091a2700000,0x00000091a2800000)]
  0x000001bd889d7800 JavaThread "Unconstrained build operations Thread 4" [_thread_blocked, id=16688, stack(0x00000091a2800000,0x00000091a2900000)]
  0x000001bd889d9800 JavaThread "Unconstrained build operations Thread 5" [_thread_blocked, id=9280, stack(0x00000091a2900000,0x00000091a2a00000)]
  0x000001bd889d8800 JavaThread "Unconstrained build operations Thread 6" [_thread_blocked, id=14916, stack(0x00000091a2a00000,0x00000091a2b00000)]
  0x000001bd889e4000 JavaThread "Unconstrained build operations Thread 7" [_thread_blocked, id=15012, stack(0x00000091a2b00000,0x00000091a2c00000)]
  0x000001bd889e0800 JavaThread "Unconstrained build operations Thread 8" [_thread_blocked, id=2000, stack(0x00000091a2c00000,0x00000091a2d00000)]
  0x000001bd889e0000 JavaThread "Unconstrained build operations Thread 9" [_thread_blocked, id=5104, stack(0x00000091a2d00000,0x00000091a2e00000)]
  0x000001bd889de800 JavaThread "Unconstrained build operations Thread 10" [_thread_blocked, id=11924, stack(0x00000091a2e00000,0x00000091a2f00000)]
  0x000001bd889e1800 JavaThread "Unconstrained build operations Thread 11" [_thread_blocked, id=11700, stack(0x00000091a2f00000,0x00000091a3000000)]
  0x000001bd889e3000 JavaThread "Unconstrained build operations Thread 12" [_thread_blocked, id=10392, stack(0x00000091a3000000,0x00000091a3100000)]
  0x000001bd889e2800 JavaThread "Unconstrained build operations Thread 13" [_thread_blocked, id=15640, stack(0x00000091a3100000,0x00000091a3200000)]
  0x000001bd889e5000 JavaThread "Unconstrained build operations Thread 14" [_thread_blocked, id=18088, stack(0x00000091a3200000,0x00000091a3300000)]
  0x000001bd889df000 JavaThread "Unconstrained build operations Thread 15" [_thread_blocked, id=15124, stack(0x00000091a3300000,0x00000091a3400000)]
  0x000001bd889e6800 JavaThread "Unconstrained build operations Thread 16" [_thread_blocked, id=3024, stack(0x00000091a3400000,0x00000091a3500000)]
  0x000001bd889e5800 JavaThread "Unconstrained build operations Thread 17" [_thread_blocked, id=5756, stack(0x00000091a3500000,0x00000091a3600000)]
  0x000001bd88347800 JavaThread "Unconstrained build operations Thread 18" [_thread_blocked, id=9036, stack(0x00000091a3600000,0x00000091a3700000)]
  0x000001bd88342800 JavaThread "Unconstrained build operations Thread 19" [_thread_blocked, id=11128, stack(0x00000091a3700000,0x00000091a3800000)]
  0x000001bd88348800 JavaThread "Unconstrained build operations Thread 20" [_thread_blocked, id=7612, stack(0x00000091a3800000,0x00000091a3900000)]
  0x000001bd88345000 JavaThread "Unconstrained build operations Thread 21" [_thread_blocked, id=4376, stack(0x00000091a3900000,0x00000091a3a00000)]
  0x000001bd88344800 JavaThread "Unconstrained build operations Thread 22" [_thread_blocked, id=14120, stack(0x00000091a3a00000,0x00000091a3b00000)]
  0x000001bd88343800 JavaThread "Unconstrained build operations Thread 23" [_thread_blocked, id=2260, stack(0x00000091a3b00000,0x00000091a3c00000)]
  0x000001bd8834b800 JavaThread "Unconstrained build operations Thread 24" [_thread_blocked, id=14960, stack(0x00000091a3c00000,0x00000091a3d00000)]
  0x000001bd8834a000 JavaThread "Unconstrained build operations Thread 25" [_thread_blocked, id=15560, stack(0x00000091a3d00000,0x00000091a3e00000)]
  0x000001bd88346800 JavaThread "Unconstrained build operations Thread 26" [_thread_blocked, id=4368, stack(0x00000091a3e00000,0x00000091a3f00000)]
  0x000001bd88349000 JavaThread "Unconstrained build operations Thread 27" [_thread_blocked, id=16960, stack(0x00000091a3f00000,0x00000091a4000000)]
  0x000001bd88346000 JavaThread "Unconstrained build operations Thread 28" [_thread_blocked, id=16452, stack(0x00000091a4000000,0x00000091a4100000)]
  0x000001bd8834d800 JavaThread "Unconstrained build operations Thread 29" [_thread_blocked, id=10624, stack(0x00000091a4100000,0x00000091a4200000)]
  0x000001bd8834c800 JavaThread "Unconstrained build operations Thread 30" [_thread_blocked, id=9736, stack(0x00000091a4200000,0x00000091a4300000)]
  0x000001bd8834f000 JavaThread "Unconstrained build operations Thread 31" [_thread_blocked, id=20020, stack(0x00000091a4300000,0x00000091a4400000)]
  0x000001bd8834b000 JavaThread "Unconstrained build operations Thread 32" [_thread_blocked, id=7508, stack(0x00000091a4400000,0x00000091a4500000)]
  0x000001bd88351800 JavaThread "Unconstrained build operations Thread 33" [_thread_blocked, id=16216, stack(0x00000091a4500000,0x00000091a4600000)]
  0x000001bd88350800 JavaThread "jar transforms Thread 8" [_thread_blocked, id=14404, stack(0x00000091a4600000,0x00000091a4700000)]
  0x000001bd8834f800 JavaThread "build event listener" [_thread_blocked, id=6908, stack(0x00000091a4700000,0x00000091a4800000)]
  0x000001bd8834e000 JavaThread "Memory manager" [_thread_blocked, id=6440, stack(0x00000091a4800000,0x00000091a4900000)]
  0x000001bd8be69800 JavaThread "Cache worker for Build Output Cleanup Cache (C:\AppServ\www\staff_management\android\.gradle\buildOutputCleanup)" [_thread_blocked, id=12804, stack(0x00000091a1a00000,0x00000091a1b00000)]
  0x000001bd8be6c000 JavaThread "included builds" [_thread_blocked, id=14884, stack(0x00000091a4900000,0x00000091a4a00000)]
  0x000001bd8be73800 JavaThread "Cache worker for execution history cache (C:\AppServ\www\staff_management\node_modules\react-native-gradle-plugin\.gradle\7.3.3\executionHistory)" [_thread_blocked, id=18192, stack(0x00000091a5100000,0x00000091a5200000)]
  0x000001bd8be71000 JavaThread "Unconstrained build operations Thread 34" [_thread_blocked, id=1356, stack(0x00000091a5200000,0x00000091a5300000)]
  0x000001bd8be75000 JavaThread "Unconstrained build operations Thread 35" [_thread_blocked, id=13360, stack(0x00000091a5300000,0x00000091a5400000)]
  0x000001bd8be6f800 JavaThread "Unconstrained build operations Thread 36" [_thread_blocked, id=3156, stack(0x00000091a5400000,0x00000091a5500000)]
  0x000001bd8be72800 JavaThread "Unconstrained build operations Thread 37" [_thread_blocked, id=11864, stack(0x00000091a5500000,0x00000091a5600000)]
  0x000001bd8be70000 JavaThread "Unconstrained build operations Thread 38" [_thread_blocked, id=13692, stack(0x00000091a5600000,0x00000091a5700000)]
  0x000001bd8be76000 JavaThread "Unconstrained build operations Thread 39" [_thread_blocked, id=9108, stack(0x00000091a5700000,0x00000091a5800000)]
  0x000001bd8be72000 JavaThread "Unconstrained build operations Thread 40" [_thread_blocked, id=324, stack(0x00000091a5800000,0x00000091a5900000)]
  0x000001bd8be76800 JavaThread "Unconstrained build operations Thread 41" [_thread_blocked, id=16816, stack(0x00000091a5900000,0x00000091a5a00000)]
  0x000001bd8be77800 JavaThread "Unconstrained build operations Thread 42" [_thread_blocked, id=1928, stack(0x00000091a5a00000,0x00000091a5b00000)]
  0x000001bd85681800 JavaThread "Unconstrained build operations Thread 43" [_thread_blocked, id=18112, stack(0x00000091a5b00000,0x00000091a5c00000)]
  0x000001bd85686000 JavaThread "Unconstrained build operations Thread 44" [_thread_blocked, id=7220, stack(0x00000091a5c00000,0x00000091a5d00000)]
  0x000001bd85680000 JavaThread "Unconstrained build operations Thread 45" [_thread_blocked, id=15844, stack(0x00000091a5d00000,0x00000091a5e00000)]
  0x000001bd85686800 JavaThread "Unconstrained build operations Thread 46" [_thread_blocked, id=6124, stack(0x00000091a5e00000,0x00000091a5f00000)]
  0x000001bd85685000 JavaThread "Unconstrained build operations Thread 47" [_thread_blocked, id=19172, stack(0x00000091a5f00000,0x00000091a6000000)]
  0x000001bd85681000 JavaThread "Unconstrained build operations Thread 48" [_thread_blocked, id=5264, stack(0x00000091a6000000,0x00000091a6100000)]
  0x000001bd85688000 JavaThread "Unconstrained build operations Thread 49" [_thread_blocked, id=14912, stack(0x00000091a6100000,0x00000091a6200000)]
  0x000001bd85683800 JavaThread "Unconstrained build operations Thread 50" [_thread_blocked, id=18772, stack(0x00000091a6200000,0x00000091a6300000)]
  0x000001bd85682800 JavaThread "Unconstrained build operations Thread 51" [_thread_blocked, id=13316, stack(0x00000091a6300000,0x00000091a6400000)]
  0x000001bd85689000 JavaThread "Unconstrained build operations Thread 52" [_thread_blocked, id=18100, stack(0x00000091a6400000,0x00000091a6500000)]
  0x000001bd8568a000 JavaThread "Unconstrained build operations Thread 53" [_thread_blocked, id=18236, stack(0x00000091a6500000,0x00000091a6600000)]
  0x000001bd85684000 JavaThread "Unconstrained build operations Thread 54" [_thread_blocked, id=20244, stack(0x00000091a6600000,0x00000091a6700000)]
  0x000001bd8568b800 JavaThread "Unconstrained build operations Thread 55" [_thread_blocked, id=15268, stack(0x00000091a6800000,0x00000091a6900000)]
  0x000001bd8568a800 JavaThread "Unconstrained build operations Thread 56" [_thread_blocked, id=10212, stack(0x00000091a4a00000,0x00000091a4b00000)]
  0x000001bd8568c800 JavaThread "Unconstrained build operations Thread 57" [_thread_blocked, id=14328, stack(0x00000091a4b00000,0x00000091a4c00000)]
  0x000001bd8568d000 JavaThread "Unconstrained build operations Thread 58" [_thread_blocked, id=11964, stack(0x00000091a4c00000,0x00000091a4d00000)]
  0x000001bd85687800 JavaThread "Unconstrained build operations Thread 59" [_thread_blocked, id=16424, stack(0x00000091a4d00000,0x00000091a4e00000)]
  0x000001bd8568e000 JavaThread "Unconstrained build operations Thread 60" [_thread_blocked, id=16616, stack(0x00000091a4e00000,0x00000091a4f00000)]
  0x000001bd8568f000 JavaThread "Unconstrained build operations Thread 61" [_thread_blocked, id=5260, stack(0x00000091a4f00000,0x00000091a5000000)]
  0x000001bd8be6d000 JavaThread "Unconstrained build operations Thread 62" [_thread_blocked, id=19084, stack(0x00000091a5000000,0x00000091a5100000)]
  0x000001bd8be6e800 JavaThread "Unconstrained build operations Thread 63" [_thread_blocked, id=16024, stack(0x00000091a6900000,0x00000091a6a00000)]
  0x000001bd8be6a800 JavaThread "Unconstrained build operations Thread 64" [_thread_blocked, id=19896, stack(0x00000091a6a00000,0x00000091a6b00000)]
  0x000001bd8be6d800 JavaThread "Unconstrained build operations Thread 65" [_thread_blocked, id=7620, stack(0x00000091a6b00000,0x00000091a6c00000)]
  0x000001bd8be6b000 JavaThread "Unconstrained build operations Thread 66" [_thread_blocked, id=15292, stack(0x00000091a6c00000,0x00000091a6d00000)]
  0x000001bd8be69000 JavaThread "Unconstrained build operations Thread 67" [_thread_blocked, id=10584, stack(0x00000091a6d00000,0x00000091a6e00000)]
  0x000001bd8be74000 JavaThread "Unconstrained build operations Thread 68" [_thread_blocked, id=18508, stack(0x00000091a6e00000,0x00000091a6f00000)]
  0x000001bd89ffb000 JavaThread "Unconstrained build operations Thread 69" [_thread_blocked, id=8368, stack(0x00000091a6f00000,0x00000091a7000000)]
  0x000001bd89fff000 JavaThread "Unconstrained build operations Thread 70" [_thread_blocked, id=4492, stack(0x00000091a7000000,0x00000091a7100000)]
  0x000001bd89ffd800 JavaThread "Unconstrained build operations Thread 71" [_thread_blocked, id=18896, stack(0x00000091a7100000,0x00000091a7200000)]
  0x000001bd89ffc800 JavaThread "Unconstrained build operations Thread 72" [_thread_blocked, id=13432, stack(0x00000091a7200000,0x00000091a7300000)]
  0x000001bd89ffe000 JavaThread "Unconstrained build operations Thread 73" [_thread_blocked, id=9284, stack(0x00000091a7300000,0x00000091a7400000)]
  0x000001bd89fff800 JavaThread "Unconstrained build operations Thread 74" [_thread_blocked, id=15300, stack(0x00000091a7400000,0x00000091a7500000)]
  0x000001bd89ffa000 JavaThread "Unconstrained build operations Thread 75" [_thread_blocked, id=13748, stack(0x00000091a7500000,0x00000091a7600000)]
  0x000001bd89ffb800 JavaThread "Unconstrained build operations Thread 76" [_thread_blocked, id=11144, stack(0x00000091a7600000,0x00000091a7700000)]
  0x000001bd8a005800 JavaThread "Unconstrained build operations Thread 77" [_thread_blocked, id=15144, stack(0x00000091a7700000,0x00000091a7800000)]
  0x000001bd8a002000 JavaThread "Unconstrained build operations Thread 78" [_thread_blocked, id=16488, stack(0x00000091a7800000,0x00000091a7900000)]
  0x000001bd8a004000 JavaThread "Unconstrained build operations Thread 79" [_thread_blocked, id=10680, stack(0x00000091a7900000,0x00000091a7a00000)]
  0x000001bd8a003000 JavaThread "Unconstrained build operations Thread 80" [_thread_blocked, id=11740, stack(0x00000091a7a00000,0x00000091a7b00000)]
  0x000001bd8dab4000 JavaThread "C2 CompilerThread1" daemon [_thread_in_native, id=18836, stack(0x00000091a1800000,0x00000091a1900000)]
  0x000001bd8a253000 JavaThread "C2 CompilerThread2" daemon [_thread_in_native, id=9460, stack(0x00000091a6700000,0x00000091a6800000)]

Other Threads:
  0x000001bd84510800 VMThread "VM Thread" [stack: 0x000000919f100000,0x000000919f200000] [id=9752]
  0x000001bd85039000 WatcherThread [stack: 0x000000919fb00000,0x000000919fc00000] [id=14152]
  0x000001bde6454000 GCTaskThread "GC Thread#0" [stack: 0x000000919ec00000,0x000000919ed00000] [id=10200]
  0x000001bd85ca6800 GCTaskThread "GC Thread#1" [stack: 0x000000919fe00000,0x000000919ff00000] [id=12424]
  0x000001bd860d5800 GCTaskThread "GC Thread#2" [stack: 0x000000919ff00000,0x00000091a0000000] [id=10088]
  0x000001bd85e02800 GCTaskThread "GC Thread#3" [stack: 0x00000091a0000000,0x00000091a0100000] [id=8116]
  0x000001bd879c5800 GCTaskThread "GC Thread#4" [stack: 0x00000091a0c00000,0x00000091a0d00000] [id=13036]
  0x000001bd86112000 GCTaskThread "GC Thread#5" [stack: 0x00000091a0d00000,0x00000091a0e00000] [id=18564]
  0x000001bd8685a800 GCTaskThread "GC Thread#6" [stack: 0x00000091a0e00000,0x00000091a0f00000] [id=19364]
  0x000001bd88342000 GCTaskThread "GC Thread#7" [stack: 0x00000091a0f00000,0x00000091a1000000] [id=5364]
  0x000001bde6486000 ConcurrentGCThread "G1 Main Marker" [stack: 0x000000919ed00000,0x000000919ee00000] [id=17552]
  0x000001bde6487000 ConcurrentGCThread "G1 Conc#0" [stack: 0x000000919ee00000,0x000000919ef00000] [id=19568]
  0x000001bd87314800 ConcurrentGCThread "G1 Conc#1" [stack: 0x00000091a1000000,0x00000091a1100000] [id=17308]
  0x000001bd8437e800 ConcurrentGCThread "G1 Refine#0" [stack: 0x000000919ef00000,0x000000919f000000] [id=12248]
  0x000001bd876c9000 ConcurrentGCThread "G1 Refine#1" [stack: 0x00000091a1100000,0x00000091a1200000] [id=18848]
  0x000001bde650e800 ConcurrentGCThread "G1 Young RemSet Sampling" [stack: 0x000000919f000000,0x000000919f100000] [id=13020]

Threads with active compile tasks:
C2 CompilerThread0    88861 9247       4       java.beans.Introspector::addMethod (196 bytes)
C2 CompilerThread1    88861 9242 %     4       groovy.lang.MetaClassImpl::inheritInterfaceNewMetaMethods @ 100 (195 bytes)
C2 CompilerThread2    88861 9186       4       com.sun.beans.TypeResolver::resolve (37 bytes)

VM state:not at safepoint (normal execution)

VM Mutex/Monitor currently owned by a thread: None

Heap address: 0x0000000080000000, size: 2048 MB, Compressed Oops mode: 32-bit
Narrow klass base: 0x0000000000000000, Narrow klass shift: 3
Compressed class space size: 528482304 Address: 0x0000000100000000

Heap:
 garbage-first heap   total 196608K, used 86267K [0x0000000080000000, 0x0000000100000000)
  region size 1024K, 18 young (18432K), 11 survivors (11264K)
 Metaspace       used 82283K, capacity 84863K, committed 85120K, reserved 589824K
  class space    used 10705K, capacity 11725K, committed 11776K, reserved 516096K
Heap Regions: E=young(eden), S=young(survivor), O=old, HS=humongous(starts), HC=humongous(continues), CS=collection set, F=free, A=archive, TAMS=top-at-mark-start (previous, next)
|   0|0x0000000080000000, 0x0000000080100000, 0x0000000080100000|100%| O|  |TAMS 0x0000000080100000, 0x0000000080000000| Untracked 
|   1|0x0000000080100000, 0x0000000080200000, 0x0000000080200000|100%| O|  |TAMS 0x0000000080200000, 0x0000000080100000| Untracked 
|   2|0x0000000080200000, 0x0000000080300000, 0x0000000080300000|100%| O|  |TAMS 0x0000000080300000, 0x0000000080200000| Untracked 
|   3|0x0000000080300000, 0x0000000080400000, 0x0000000080400000|100%|HS|  |TAMS 0x0000000080400000, 0x0000000080300000| Complete 
|   4|0x0000000080400000, 0x0000000080500000, 0x0000000080500000|100%|HC|  |TAMS 0x0000000080500000, 0x0000000080400000| Complete 
|   5|0x0000000080500000, 0x0000000080600000, 0x0000000080600000|100%|HC|  |TAMS 0x0000000080600000, 0x0000000080500000| Complete 
|   6|0x0000000080600000, 0x0000000080700000, 0x0000000080700000|100%| O|  |TAMS 0x0000000080700000, 0x0000000080600000| Untracked 
|   7|0x0000000080700000, 0x0000000080800000, 0x0000000080800000|100%| O|  |TAMS 0x0000000080800000, 0x0000000080700000| Untracked 
|   8|0x0000000080800000, 0x0000000080900000, 0x0000000080900000|100%| O|  |TAMS 0x0000000080900000, 0x0000000080800000| Untracked 
|   9|0x0000000080900000, 0x0000000080a00000, 0x0000000080a00000|100%| O|  |TAMS 0x0000000080a00000, 0x0000000080900000| Untracked 
|  10|0x0000000080a00000, 0x0000000080b00000, 0x0000000080b00000|100%| O|  |TAMS 0x0000000080b00000, 0x0000000080a00000| Untracked 
|  11|0x0000000080b00000, 0x0000000080c00000, 0x0000000080c00000|100%| O|  |TAMS 0x0000000080c00000, 0x0000000080b00000| Untracked 
|  12|0x0000000080c00000, 0x0000000080d00000, 0x0000000080d00000|100%| O|  |TAMS 0x0000000080d00000, 0x0000000080c00000| Untracked 
|  13|0x0000000080d00000, 0x0000000080e00000, 0x0000000080e00000|100%| O|  |TAMS 0x0000000080e00000, 0x0000000080d00000| Untracked 
|  14|0x0000000080e00000, 0x0000000080f00000, 0x0000000080f00000|100%| O|  |TAMS 0x0000000080f00000, 0x0000000080e00000| Untracked 
|  15|0x0000000080f00000, 0x0000000081000000, 0x0000000081000000|100%| O|  |TAMS 0x0000000081000000, 0x0000000080f00000| Untracked 
|  16|0x0000000081000000, 0x0000000081100000, 0x0000000081100000|100%| O|  |TAMS 0x0000000081100000, 0x0000000081000000| Untracked 
|  17|0x0000000081100000, 0x0000000081200000, 0x0000000081200000|100%| O|  |TAMS 0x0000000081200000, 0x0000000081100000| Untracked 
|  18|0x0000000081200000, 0x0000000081300000, 0x0000000081300000|100%| O|  |TAMS 0x0000000081300000, 0x0000000081200000| Untracked 
|  19|0x0000000081300000, 0x0000000081400000, 0x0000000081400000|100%| O|  |TAMS 0x0000000081400000, 0x0000000081300000| Untracked 
|  20|0x0000000081400000, 0x0000000081500000, 0x0000000081500000|100%| O|  |TAMS 0x0000000081500000, 0x0000000081400000| Untracked 
|  21|0x0000000081500000, 0x0000000081600000, 0x0000000081600000|100%| O|  |TAMS 0x0000000081600000, 0x0000000081500000| Untracked 
|  22|0x0000000081600000, 0x0000000081700000, 0x0000000081700000|100%|HS|  |TAMS 0x0000000081700000, 0x0000000081600000| Complete 
|  23|0x0000000081700000, 0x0000000081800000, 0x0000000081800000|100%|HS|  |TAMS 0x0000000081800000, 0x0000000081700000| Complete 
|  24|0x0000000081800000, 0x0000000081900000, 0x0000000081900000|100%|HC|  |TAMS 0x0000000081900000, 0x0000000081800000| Complete 
|  25|0x0000000081900000, 0x0000000081a00000, 0x0000000081a00000|100%|HC|  |TAMS 0x0000000081a00000, 0x0000000081900000| Complete 
|  26|0x0000000081a00000, 0x0000000081b00000, 0x0000000081b00000|100%| O|  |TAMS 0x0000000081b00000, 0x0000000081a00000| Untracked 
|  27|0x0000000081b00000, 0x0000000081c00000, 0x0000000081c00000|100%| O|  |TAMS 0x0000000081c00000, 0x0000000081b00000| Untracked 
|  28|0x0000000081c00000, 0x0000000081d00000, 0x0000000081d00000|100%| O|  |TAMS 0x0000000081d00000, 0x0000000081c00000| Untracked 
|  29|0x0000000081d00000, 0x0000000081e00000, 0x0000000081e00000|100%| O|  |TAMS 0x0000000081e00000, 0x0000000081d00000| Untracked 
|  30|0x0000000081e00000, 0x0000000081f00000, 0x0000000081f00000|100%| O|  |TAMS 0x0000000081f00000, 0x0000000081e00000| Untracked 
|  31|0x0000000081f00000, 0x0000000082000000, 0x0000000082000000|100%| O|  |TAMS 0x0000000082000000, 0x0000000081f00000| Untracked 
|  32|0x0000000082000000, 0x0000000082100000, 0x0000000082100000|100%| O|  |TAMS 0x0000000082100000, 0x0000000082000000| Untracked 
|  33|0x0000000082100000, 0x0000000082200000, 0x0000000082200000|100%| O|  |TAMS 0x0000000082200000, 0x0000000082100000| Untracked 
|  34|0x0000000082200000, 0x0000000082300000, 0x0000000082300000|100%| O|  |TAMS 0x0000000082300000, 0x0000000082200000| Untracked 
|  35|0x0000000082300000, 0x0000000082400000, 0x0000000082400000|100%| O|  |TAMS 0x0000000082400000, 0x0000000082300000| Untracked 
|  36|0x0000000082400000, 0x0000000082500000, 0x0000000082500000|100%| O|  |TAMS 0x0000000082500000, 0x0000000082400000| Untracked 
|  37|0x0000000082500000, 0x0000000082600000, 0x0000000082600000|100%|HS|  |TAMS 0x0000000082500000, 0x0000000082500000| Complete 
|  38|0x0000000082600000, 0x0000000082700000, 0x0000000082700000|100%|HS|  |TAMS 0x0000000082600000, 0x0000000082600000| Complete 
|  39|0x0000000082700000, 0x0000000082800000, 0x0000000082800000|100%|HS|  |TAMS 0x0000000082700000, 0x0000000082700000| Complete 
|  40|0x0000000082800000, 0x0000000082900000, 0x0000000082900000|100%|HS|  |TAMS 0x0000000082800000, 0x0000000082800000| Complete 
|  41|0x0000000082900000, 0x0000000082a00000, 0x0000000082a00000|100%|HC|  |TAMS 0x0000000082900000, 0x0000000082900000| Complete 
|  42|0x0000000082a00000, 0x0000000082b00000, 0x0000000082b00000|100%| O|  |TAMS 0x0000000082a00000, 0x0000000082a00000| Untracked 
|  43|0x0000000082b00000, 0x0000000082c00000, 0x0000000082c00000|100%| O|  |TAMS 0x0000000082b00000, 0x0000000082b00000| Untracked 
|  44|0x0000000082c00000, 0x0000000082d00000, 0x0000000082d00000|100%| O|  |TAMS 0x0000000082c00000, 0x0000000082c00000| Untracked 
|  45|0x0000000082d00000, 0x0000000082e00000, 0x0000000082e00000|100%| O|  |TAMS 0x0000000082d00000, 0x0000000082d00000| Untracked 
|  46|0x0000000082e00000, 0x0000000082f00000, 0x0000000082f00000|100%| O|  |TAMS 0x0000000082e00000, 0x0000000082e00000| Untracked 
|  47|0x0000000082f00000, 0x0000000083000000, 0x0000000083000000|100%| O|  |TAMS 0x0000000082f00000, 0x0000000082f00000| Untracked 
|  48|0x0000000083000000, 0x0000000083100000, 0x0000000083100000|100%| O|  |TAMS 0x0000000083000000, 0x0000000083000000| Untracked 
|  49|0x0000000083100000, 0x0000000083200000, 0x0000000083200000|100%| O|  |TAMS 0x0000000083100000, 0x0000000083100000| Untracked 
|  50|0x0000000083200000, 0x0000000083300000, 0x0000000083300000|100%| O|  |TAMS 0x0000000083200000, 0x0000000083200000| Untracked 
|  51|0x0000000083300000, 0x0000000083400000, 0x0000000083400000|100%| O|  |TAMS 0x0000000083300000, 0x0000000083300000| Untracked 
|  52|0x0000000083400000, 0x0000000083500000, 0x0000000083500000|100%| O|  |TAMS 0x0000000083400000, 0x0000000083400000| Untracked 
|  53|0x0000000083500000, 0x0000000083600000, 0x0000000083600000|100%| O|  |TAMS 0x0000000083500000, 0x0000000083500000| Untracked 
|  54|0x0000000083600000, 0x0000000083700000, 0x0000000083700000|100%| O|  |TAMS 0x0000000083600000, 0x0000000083600000| Untracked 
|  55|0x0000000083700000, 0x0000000083800000, 0x0000000083800000|100%| O|  |TAMS 0x0000000083700000, 0x0000000083700000| Untracked 
|  56|0x0000000083800000, 0x0000000083900000, 0x0000000083900000|100%| O|  |TAMS 0x0000000083800000, 0x0000000083800000| Untracked 
|  57|0x0000000083900000, 0x0000000083a00000, 0x0000000083a00000|100%| O|  |TAMS 0x0000000083900000, 0x0000000083900000| Untracked 
|  58|0x0000000083a00000, 0x0000000083b00000, 0x0000000083b00000|100%| O|  |TAMS 0x0000000083a00000, 0x0000000083a00000| Untracked 
|  59|0x0000000083b00000, 0x0000000083c00000, 0x0000000083c00000|100%| O|  |TAMS 0x0000000083b00000, 0x0000000083b00000| Untracked 
|  60|0x0000000083c00000, 0x0000000083d00000, 0x0000000083d00000|100%| O|  |TAMS 0x0000000083c00000, 0x0000000083c00000| Untracked 
|  61|0x0000000083d00000, 0x0000000083e00000, 0x0000000083e00000|100%| O|  |TAMS 0x0000000083d00000, 0x0000000083d00000| Untracked 
|  62|0x0000000083e00000, 0x0000000083f00000, 0x0000000083f00000|100%| O|  |TAMS 0x0000000083e00000, 0x0000000083e00000| Untracked 
|  63|0x0000000083f00000, 0x0000000084000000, 0x0000000084000000|100%| O|  |TAMS 0x0000000083f00000, 0x0000000083f00000| Untracked 
|  64|0x0000000084000000, 0x0000000084100000, 0x0000000084100000|100%| O|  |TAMS 0x0000000084000000, 0x0000000084000000| Untracked 
|  65|0x0000000084100000, 0x0000000084200000, 0x0000000084200000|100%| O|  |TAMS 0x0000000084100000, 0x0000000084100000| Untracked 
|  66|0x0000000084200000, 0x0000000084200000, 0x0000000084300000|  0%| F|  |TAMS 0x0000000084200000, 0x0000000084200000| Untracked 
|  67|0x0000000084300000, 0x0000000084400000, 0x0000000084400000|100%| O|  |TAMS 0x0000000084300000, 0x0000000084300000| Untracked 
|  68|0x0000000084400000, 0x000000008443ee00, 0x0000000084500000| 24%| O|  |TAMS 0x0000000084400000, 0x0000000084400000| Untracked 
|  69|0x0000000084500000, 0x0000000084500000, 0x0000000084600000|  0%| F|  |TAMS 0x0000000084500000, 0x0000000084500000| Untracked 
|  70|0x0000000084600000, 0x0000000084600000, 0x0000000084700000|  0%| F|  |TAMS 0x0000000084600000, 0x0000000084600000| Untracked 
|  71|0x0000000084700000, 0x0000000084700000, 0x0000000084800000|  0%| F|  |TAMS 0x0000000084700000, 0x0000000084700000| Untracked 
|  72|0x0000000084800000, 0x0000000084800000, 0x0000000084900000|  0%| F|  |TAMS 0x0000000084800000, 0x0000000084800000| Untracked 
|  73|0x0000000084900000, 0x0000000084900000, 0x0000000084a00000|  0%| F|  |TAMS 0x0000000084900000, 0x0000000084900000| Untracked 
|  74|0x0000000084a00000, 0x0000000084a00000, 0x0000000084b00000|  0%| F|  |TAMS 0x0000000084a00000, 0x0000000084a00000| Untracked 
|  75|0x0000000084b00000, 0x0000000084b00000, 0x0000000084c00000|  0%| F|  |TAMS 0x0000000084b00000, 0x0000000084b00000| Untracked 
|  76|0x0000000084c00000, 0x0000000084c00000, 0x0000000084d00000|  0%| F|  |TAMS 0x0000000084c00000, 0x0000000084c00000| Untracked 
|  77|0x0000000084d00000, 0x0000000084d00000, 0x0000000084e00000|  0%| F|  |TAMS 0x0000000084d00000, 0x0000000084d00000| Untracked 
|  78|0x0000000084e00000, 0x0000000084e00000, 0x0000000084f00000|  0%| F|  |TAMS 0x0000000084e00000, 0x0000000084e00000| Untracked 
|  79|0x0000000084f00000, 0x0000000084f00000, 0x0000000085000000|  0%| F|  |TAMS 0x0000000084f00000, 0x0000000084f00000| Untracked 
|  80|0x0000000085000000, 0x0000000085000000, 0x0000000085100000|  0%| F|  |TAMS 0x0000000085000000, 0x0000000085000000| Untracked 
|  81|0x0000000085100000, 0x0000000085100000, 0x0000000085200000|  0%| F|  |TAMS 0x0000000085100000, 0x0000000085100000| Untracked 
|  82|0x0000000085200000, 0x0000000085200000, 0x0000000085300000|  0%| F|  |TAMS 0x0000000085200000, 0x0000000085200000| Untracked 
|  83|0x0000000085300000, 0x0000000085300000, 0x0000000085400000|  0%| F|  |TAMS 0x0000000085300000, 0x0000000085300000| Untracked 
|  84|0x0000000085400000, 0x0000000085400000, 0x0000000085500000|  0%| F|  |TAMS 0x0000000085400000, 0x0000000085400000| Untracked 
|  85|0x0000000085500000, 0x0000000085500000, 0x0000000085600000|  0%| F|  |TAMS 0x0000000085500000, 0x0000000085500000| Untracked 
|  86|0x0000000085600000, 0x0000000085600000, 0x0000000085700000|  0%| F|  |TAMS 0x0000000085600000, 0x0000000085600000| Untracked 
|  87|0x0000000085700000, 0x0000000085700000, 0x0000000085800000|  0%| F|  |TAMS 0x0000000085700000, 0x0000000085700000| Untracked 
|  88|0x0000000085800000, 0x0000000085800000, 0x0000000085900000|  0%| F|  |TAMS 0x0000000085800000, 0x0000000085800000| Untracked 
|  89|0x0000000085900000, 0x0000000085900000, 0x0000000085a00000|  0%| F|  |TAMS 0x0000000085900000, 0x0000000085900000| Untracked 
|  90|0x0000000085a00000, 0x0000000085a00000, 0x0000000085b00000|  0%| F|  |TAMS 0x0000000085a00000, 0x0000000085a00000| Untracked 
|  91|0x0000000085b00000, 0x0000000085b00000, 0x0000000085c00000|  0%| F|  |TAMS 0x0000000085b00000, 0x0000000085b00000| Untracked 
|  92|0x0000000085c00000, 0x0000000085c00000, 0x0000000085d00000|  0%| F|  |TAMS 0x0000000085c00000, 0x0000000085c00000| Untracked 
|  93|0x0000000085d00000, 0x0000000085d00000, 0x0000000085e00000|  0%| F|  |TAMS 0x0000000085d00000, 0x0000000085d00000| Untracked 
|  94|0x0000000085e00000, 0x0000000085e00000, 0x0000000085f00000|  0%| F|  |TAMS 0x0000000085e00000, 0x0000000085e00000| Untracked 
|  95|0x0000000085f00000, 0x0000000085f00000, 0x0000000086000000|  0%| F|  |TAMS 0x0000000085f00000, 0x0000000085f00000| Untracked 
|  96|0x0000000086000000, 0x0000000086000000, 0x0000000086100000|  0%| F|  |TAMS 0x0000000086000000, 0x0000000086000000| Untracked 
|  97|0x0000000086100000, 0x0000000086200000, 0x0000000086200000|100%| S|CS|TAMS 0x0000000086100000, 0x0000000086100000| Complete 
|  98|0x0000000086200000, 0x0000000086300000, 0x0000000086300000|100%| S|CS|TAMS 0x0000000086200000, 0x0000000086200000| Complete 
|  99|0x0000000086300000, 0x0000000086400000, 0x0000000086400000|100%| S|CS|TAMS 0x0000000086300000, 0x0000000086300000| Complete 
| 100|0x0000000086400000, 0x0000000086500000, 0x0000000086500000|100%| S|CS|TAMS 0x0000000086400000, 0x0000000086400000| Complete 
| 101|0x0000000086500000, 0x0000000086600000, 0x0000000086600000|100%| S|CS|TAMS 0x0000000086500000, 0x0000000086500000| Complete 
| 102|0x0000000086600000, 0x0000000086700000, 0x0000000086700000|100%| S|CS|TAMS 0x0000000086600000, 0x0000000086600000| Complete 
| 103|0x0000000086700000, 0x0000000086700000, 0x0000000086800000|  0%| F|  |TAMS 0x0000000086700000, 0x0000000086700000| Untracked 
| 104|0x0000000086800000, 0x0000000086800000, 0x0000000086900000|  0%| F|  |TAMS 0x0000000086800000, 0x0000000086800000| Untracked 
| 105|0x0000000086900000, 0x0000000086900000, 0x0000000086a00000|  0%| F|  |TAMS 0x0000000086900000, 0x0000000086900000| Untracked 
| 106|0x0000000086a00000, 0x0000000086a00000, 0x0000000086b00000|  0%| F|  |TAMS 0x0000000086a00000, 0x0000000086a00000| Untracked 
| 107|0x0000000086b00000, 0x0000000086b00000, 0x0000000086c00000|  0%| F|  |TAMS 0x0000000086b00000, 0x0000000086b00000| Untracked 
| 108|0x0000000086c00000, 0x0000000086c00000, 0x0000000086d00000|  0%| F|  |TAMS 0x0000000086c00000, 0x0000000086c00000| Untracked 
| 109|0x0000000086d00000, 0x0000000086d00000, 0x0000000086e00000|  0%| F|  |TAMS 0x0000000086d00000, 0x0000000086d00000| Untracked 
| 110|0x0000000086e00000, 0x0000000086f00000, 0x0000000086f00000|100%| S|CS|TAMS 0x0000000086e00000, 0x0000000086e00000| Complete 
| 111|0x0000000086f00000, 0x0000000087000000, 0x0000000087000000|100%| S|CS|TAMS 0x0000000086f00000, 0x0000000086f00000| Complete 
| 112|0x0000000087000000, 0x0000000087100000, 0x0000000087100000|100%| S|CS|TAMS 0x0000000087000000, 0x0000000087000000| Complete 
| 113|0x0000000087100000, 0x0000000087200000, 0x0000000087200000|100%| S|CS|TAMS 0x0000000087100000, 0x0000000087100000| Complete 
| 114|0x0000000087200000, 0x0000000087300000, 0x0000000087300000|100%| S|CS|TAMS 0x0000000087200000, 0x0000000087200000| Complete 
| 115|0x0000000087300000, 0x0000000087300000, 0x0000000087400000|  0%| F|  |TAMS 0x0000000087300000, 0x0000000087300000| Untracked 
| 116|0x0000000087400000, 0x0000000087400000, 0x0000000087500000|  0%| F|  |TAMS 0x0000000087400000, 0x0000000087400000| Untracked 
| 117|0x0000000087500000, 0x0000000087500000, 0x0000000087600000|  0%| F|  |TAMS 0x0000000087500000, 0x0000000087500000| Untracked 
| 118|0x0000000087600000, 0x0000000087600000, 0x0000000087700000|  0%| F|  |TAMS 0x0000000087600000, 0x0000000087600000| Untracked 
| 119|0x0000000087700000, 0x0000000087700000, 0x0000000087800000|  0%| F|  |TAMS 0x0000000087700000, 0x0000000087700000| Untracked 
| 120|0x0000000087800000, 0x0000000087800000, 0x0000000087900000|  0%| F|  |TAMS 0x0000000087800000, 0x0000000087800000| Untracked 
| 121|0x0000000087900000, 0x0000000087900000, 0x0000000087a00000|  0%| F|  |TAMS 0x0000000087900000, 0x0000000087900000| Untracked 
| 122|0x0000000087a00000, 0x0000000087a00000, 0x0000000087b00000|  0%| F|  |TAMS 0x0000000087a00000, 0x0000000087a00000| Untracked 
| 123|0x0000000087b00000, 0x0000000087b00000, 0x0000000087c00000|  0%| F|  |TAMS 0x0000000087b00000, 0x0000000087b00000| Untracked 
| 124|0x0000000087c00000, 0x0000000087c00000, 0x0000000087d00000|  0%| F|  |TAMS 0x0000000087c00000, 0x0000000087c00000| Untracked 
| 125|0x0000000087d00000, 0x0000000087d00000, 0x0000000087e00000|  0%| F|  |TAMS 0x0000000087d00000, 0x0000000087d00000| Untracked 
| 126|0x0000000087e00000, 0x0000000087e00000, 0x0000000087f00000|  0%| F|  |TAMS 0x0000000087e00000, 0x0000000087e00000| Untracked 
| 127|0x0000000087f00000, 0x0000000087f00000, 0x0000000088000000|  0%| F|  |TAMS 0x0000000087f00000, 0x0000000087f00000| Untracked 
| 128|0x0000000088000000, 0x0000000088000000, 0x0000000088100000|  0%| F|  |TAMS 0x0000000088000000, 0x0000000088000000| Untracked 
| 129|0x0000000088100000, 0x0000000088100000, 0x0000000088200000|  0%| F|  |TAMS 0x0000000088100000, 0x0000000088100000| Untracked 
| 130|0x0000000088200000, 0x0000000088200000, 0x0000000088300000|  0%| F|  |TAMS 0x0000000088200000, 0x0000000088200000| Untracked 
| 131|0x0000000088300000, 0x0000000088300000, 0x0000000088400000|  0%| F|  |TAMS 0x0000000088300000, 0x0000000088300000| Untracked 
| 132|0x0000000088400000, 0x0000000088400000, 0x0000000088500000|  0%| F|  |TAMS 0x0000000088400000, 0x0000000088400000| Untracked 
| 133|0x0000000088500000, 0x0000000088500000, 0x0000000088600000|  0%| F|  |TAMS 0x0000000088500000, 0x0000000088500000| Untracked 
| 134|0x0000000088600000, 0x0000000088600000, 0x0000000088700000|  0%| F|  |TAMS 0x0000000088600000, 0x0000000088600000| Untracked 
| 135|0x0000000088700000, 0x0000000088700000, 0x0000000088800000|  0%| F|  |TAMS 0x0000000088700000, 0x0000000088700000| Untracked 
| 136|0x0000000088800000, 0x0000000088800000, 0x0000000088900000|  0%| F|  |TAMS 0x0000000088800000, 0x0000000088800000| Untracked 
| 137|0x0000000088900000, 0x0000000088900000, 0x0000000088a00000|  0%| F|  |TAMS 0x0000000088900000, 0x0000000088900000| Untracked 
| 138|0x0000000088a00000, 0x0000000088a00000, 0x0000000088b00000|  0%| F|  |TAMS 0x0000000088a00000, 0x0000000088a00000| Untracked 
| 139|0x0000000088b00000, 0x0000000088b00000, 0x0000000088c00000|  0%| F|  |TAMS 0x0000000088b00000, 0x0000000088b00000| Untracked 
| 140|0x0000000088c00000, 0x0000000088c00000, 0x0000000088d00000|  0%| F|  |TAMS 0x0000000088c00000, 0x0000000088c00000| Untracked 
| 141|0x0000000088d00000, 0x0000000088d00000, 0x0000000088e00000|  0%| F|  |TAMS 0x0000000088d00000, 0x0000000088d00000| Untracked 
| 142|0x0000000088e00000, 0x0000000088e00000, 0x0000000088f00000|  0%| F|  |TAMS 0x0000000088e00000, 0x0000000088e00000| Untracked 
| 143|0x0000000088f00000, 0x0000000088f00000, 0x0000000089000000|  0%| F|  |TAMS 0x0000000088f00000, 0x0000000088f00000| Untracked 
| 144|0x0000000089000000, 0x0000000089000000, 0x0000000089100000|  0%| F|  |TAMS 0x0000000089000000, 0x0000000089000000| Untracked 
| 145|0x0000000089100000, 0x0000000089100000, 0x0000000089200000|  0%| F|  |TAMS 0x0000000089100000, 0x0000000089100000| Untracked 
| 146|0x0000000089200000, 0x0000000089200000, 0x0000000089300000|  0%| F|  |TAMS 0x0000000089200000, 0x0000000089200000| Untracked 
| 147|0x0000000089300000, 0x0000000089300000, 0x0000000089400000|  0%| F|  |TAMS 0x0000000089300000, 0x0000000089300000| Untracked 
| 148|0x0000000089400000, 0x0000000089400000, 0x0000000089500000|  0%| F|  |TAMS 0x0000000089400000, 0x0000000089400000| Untracked 
| 149|0x0000000089500000, 0x0000000089500000, 0x0000000089600000|  0%| F|  |TAMS 0x0000000089500000, 0x0000000089500000| Untracked 
| 150|0x0000000089600000, 0x0000000089600000, 0x0000000089700000|  0%| F|  |TAMS 0x0000000089600000, 0x0000000089600000| Untracked 
| 151|0x0000000089700000, 0x0000000089700000, 0x0000000089800000|  0%| F|  |TAMS 0x0000000089700000, 0x0000000089700000| Untracked 
| 152|0x0000000089800000, 0x0000000089800000, 0x0000000089900000|  0%| F|  |TAMS 0x0000000089800000, 0x0000000089800000| Untracked 
| 153|0x0000000089900000, 0x0000000089900000, 0x0000000089a00000|  0%| F|  |TAMS 0x0000000089900000, 0x0000000089900000| Untracked 
| 154|0x0000000089a00000, 0x0000000089a00000, 0x0000000089b00000|  0%| F|  |TAMS 0x0000000089a00000, 0x0000000089a00000| Untracked 
| 155|0x0000000089b00000, 0x0000000089b00000, 0x0000000089c00000|  0%| F|  |TAMS 0x0000000089b00000, 0x0000000089b00000| Untracked 
| 156|0x0000000089c00000, 0x0000000089c00000, 0x0000000089d00000|  0%| F|  |TAMS 0x0000000089c00000, 0x0000000089c00000| Untracked 
| 157|0x0000000089d00000, 0x0000000089d00000, 0x0000000089e00000|  0%| F|  |TAMS 0x0000000089d00000, 0x0000000089d00000| Untracked 
| 158|0x0000000089e00000, 0x0000000089e00000, 0x0000000089f00000|  0%| F|  |TAMS 0x0000000089e00000, 0x0000000089e00000| Untracked 
| 159|0x0000000089f00000, 0x0000000089f00000, 0x000000008a000000|  0%| F|  |TAMS 0x0000000089f00000, 0x0000000089f00000| Untracked 
| 160|0x000000008a000000, 0x000000008a000000, 0x000000008a100000|  0%| F|  |TAMS 0x000000008a000000, 0x000000008a000000| Untracked 
| 161|0x000000008a100000, 0x000000008a100000, 0x000000008a200000|  0%| F|  |TAMS 0x000000008a100000, 0x000000008a100000| Untracked 
| 162|0x000000008a200000, 0x000000008a200000, 0x000000008a300000|  0%| F|  |TAMS 0x000000008a200000, 0x000000008a200000| Untracked 
| 163|0x000000008a300000, 0x000000008a300000, 0x000000008a400000|  0%| F|  |TAMS 0x000000008a300000, 0x000000008a300000| Untracked 
| 164|0x000000008a400000, 0x000000008a400000, 0x000000008a500000|  0%| F|  |TAMS 0x000000008a400000, 0x000000008a400000| Untracked 
| 165|0x000000008a500000, 0x000000008a500000, 0x000000008a600000|  0%| F|  |TAMS 0x000000008a500000, 0x000000008a500000| Untracked 
| 166|0x000000008a600000, 0x000000008a600000, 0x000000008a700000|  0%| F|  |TAMS 0x000000008a600000, 0x000000008a600000| Untracked 
| 167|0x000000008a700000, 0x000000008a700000, 0x000000008a800000|  0%| F|  |TAMS 0x000000008a700000, 0x000000008a700000| Untracked 
| 168|0x000000008a800000, 0x000000008a800000, 0x000000008a900000|  0%| F|  |TAMS 0x000000008a800000, 0x000000008a800000| Untracked 
| 169|0x000000008a900000, 0x000000008a900000, 0x000000008aa00000|  0%| F|  |TAMS 0x000000008a900000, 0x000000008a900000| Untracked 
| 170|0x000000008aa00000, 0x000000008aa00000, 0x000000008ab00000|  0%| F|  |TAMS 0x000000008aa00000, 0x000000008aa00000| Untracked 
| 171|0x000000008ab00000, 0x000000008ab00000, 0x000000008ac00000|  0%| F|  |TAMS 0x000000008ab00000, 0x000000008ab00000| Untracked 
| 172|0x000000008ac00000, 0x000000008ac00000, 0x000000008ad00000|  0%| F|  |TAMS 0x000000008ac00000, 0x000000008ac00000| Untracked 
| 173|0x000000008ad00000, 0x000000008ad00000, 0x000000008ae00000|  0%| F|  |TAMS 0x000000008ad00000, 0x000000008ad00000| Untracked 
| 174|0x000000008ae00000, 0x000000008ae00000, 0x000000008af00000|  0%| F|  |TAMS 0x000000008ae00000, 0x000000008ae00000| Untracked 
| 175|0x000000008af00000, 0x000000008af00000, 0x000000008b000000|  0%| F|  |TAMS 0x000000008af00000, 0x000000008af00000| Untracked 
| 176|0x000000008b000000, 0x000000008b000000, 0x000000008b100000|  0%| F|  |TAMS 0x000000008b000000, 0x000000008b000000| Untracked 
| 177|0x000000008b100000, 0x000000008b100000, 0x000000008b200000|  0%| F|  |TAMS 0x000000008b100000, 0x000000008b100000| Untracked 
| 178|0x000000008b200000, 0x000000008b200000, 0x000000008b300000|  0%| F|  |TAMS 0x000000008b200000, 0x000000008b200000| Untracked 
| 179|0x000000008b300000, 0x000000008b300000, 0x000000008b400000|  0%| F|  |TAMS 0x000000008b300000, 0x000000008b300000| Untracked 
| 180|0x000000008b400000, 0x000000008b400000, 0x000000008b500000|  0%| F|  |TAMS 0x000000008b400000, 0x000000008b400000| Untracked 
| 181|0x000000008b500000, 0x000000008b500000, 0x000000008b600000|  0%| F|  |TAMS 0x000000008b500000, 0x000000008b500000| Untracked 
| 182|0x000000008b600000, 0x000000008b600000, 0x000000008b700000|  0%| F|  |TAMS 0x000000008b600000, 0x000000008b600000| Untracked 
| 183|0x000000008b700000, 0x000000008b700000, 0x000000008b800000|  0%| F|  |TAMS 0x000000008b700000, 0x000000008b700000| Untracked 
| 184|0x000000008b800000, 0x000000008b803898, 0x000000008b900000|  1%| E|  |TAMS 0x000000008b800000, 0x000000008b800000| Complete 
| 185|0x000000008b900000, 0x000000008ba00000, 0x000000008ba00000|100%| E|CS|TAMS 0x000000008b900000, 0x000000008b900000| Complete 
| 186|0x000000008ba00000, 0x000000008bb00000, 0x000000008bb00000|100%| E|CS|TAMS 0x000000008ba00000, 0x000000008ba00000| Complete 
| 187|0x000000008bb00000, 0x000000008bc00000, 0x000000008bc00000|100%| E|CS|TAMS 0x000000008bb00000, 0x000000008bb00000| Complete 
| 188|0x000000008bc00000, 0x000000008bd00000, 0x000000008bd00000|100%| E|CS|TAMS 0x000000008bc00000, 0x000000008bc00000| Complete 
| 189|0x000000008bd00000, 0x000000008be00000, 0x000000008be00000|100%| E|CS|TAMS 0x000000008bd00000, 0x000000008bd00000| Complete 
| 190|0x000000008be00000, 0x000000008bf00000, 0x000000008bf00000|100%| E|CS|TAMS 0x000000008be00000, 0x000000008be00000| Complete 
| 191|0x000000008bf00000, 0x000000008c000000, 0x000000008c000000|100%| E|CS|TAMS 0x000000008bf00000, 0x000000008bf00000| Complete 

Card table byte_map: [0x000001bdfd230000,0x000001bdfd630000] _byte_map_base: 0x000001bdfce30000

Marking Bits (Prev, Next): (CMBitMap*) 0x000001bde647d580, (CMBitMap*) 0x000001bde647d548
 Prev Bits: [0x000001bd80000000, 0x000001bd82000000)
 Next Bits: [0x000001bdfda30000, 0x000001bdffa30000)

Polling page: 0x000001bde4440000

Metaspace:

Usage:
  Non-class:     71.49 MB capacity,    69.92 MB ( 98%) used,     1.33 MB (  2%) free+waste,   247.00 KB ( <1%) overhead. 
      Class:     11.45 MB capacity,    10.46 MB ( 91%) used,   897.09 KB (  8%) free+waste,   120.06 KB (  1%) overhead. 
       Both:     82.94 MB capacity,    80.38 MB ( 97%) used,     2.20 MB (  3%) free+waste,   367.06 KB ( <1%) overhead. 

Virtual space:
  Non-class space:       72.00 MB reserved,      71.63 MB (>99%) committed 
      Class space:      504.00 MB reserved,      11.50 MB (  2%) committed 
             Both:      576.00 MB reserved,      83.13 MB ( 14%) committed 

Chunk freelists:
   Non-Class:  1.50 KB
       Class:  2.25 KB
        Both:  3.75 KB

CodeHeap 'non-profiled nmethods': size=120000Kb used=5872Kb max_used=5872Kb free=114127Kb
 bounds [0x000001bdf55d0000, 0x000001bdf5b90000, 0x000001bdfcb00000]
CodeHeap 'profiled nmethods': size=120000Kb used=20148Kb max_used=20148Kb free=99851Kb
 bounds [0x000001bdee0a0000, 0x000001bdef450000, 0x000001bdf55d0000]
CodeHeap 'non-nmethods': size=5760Kb used=2290Kb max_used=2342Kb free=3470Kb
 bounds [0x000001bdedb00000, 0x000001bdedd70000, 0x000001bdee0a0000]
 total_blobs=10226 nmethods=9331 adapters=806
 compilation: enabled
              stopped_count=0, restarted_count=0
 full_count=0

Compilation events (10 events):
Event: 88.680 Thread 0x000001bd84e84000 9356       3       java.math.MutableBigInteger::<init> (21 bytes)
Event: 88.680 Thread 0x000001bd84e84000 nmethod 9356 0x000001bdef443510 code [0x000001bdef4436c0, 0x000001bdef443878]
Event: 88.680 Thread 0x000001bd84e84000 9357       3       org.gradle.groovy.scripts.DelegatingScriptSource::getClassName (10 bytes)
Event: 88.680 Thread 0x000001bd84e84000 nmethod 9357 0x000001bdef443990 code [0x000001bdef443b40, 0x000001bdef443d08]
Event: 88.680 Thread 0x000001bd84e84000 9358       3       org.gradle.groovy.scripts.TextResourceScriptSource::getClassName (20 bytes)
Event: 88.681 Thread 0x000001bd84e84000 nmethod 9358 0x000001bdef443e10 code [0x000001bdef443fc0, 0x000001bdef444188]
Event: 88.693 Thread 0x000001bd84e83000 nmethod 9314 0x000001bdf5b89f10 code [0x000001bdf5b8a120, 0x000001bdf5b8acc0]
Event: 88.693 Thread 0x000001bd84e83000 9315       4       java.util.Hashtable$Enumerator::hasMoreElements (53 bytes)
Event: 88.698 Thread 0x000001bd84e83000 nmethod 9315 0x000001bdf5b8b390 code [0x000001bdf5b8b500, 0x000001bdf5b8b738]
Event: 88.698 Thread 0x000001bd84e83000 9247       4       java.beans.Introspector::addMethod (196 bytes)

GC Heap History (10 events):
Event: 82.713 GC heap before
{Heap before GC invocations=9 (full 0):
 garbage-first heap   total 196608K, used 49930K [0x0000000080000000, 0x0000000100000000)
  region size 1024K, 18 young (18432K), 12 survivors (12288K)
 Metaspace       used 58451K, capacity 60144K, committed 60288K, reserved 569344K
  class space    used 7666K, capacity 8379K, committed 8448K, reserved 516096K
}
Event: 82.724 GC heap after
{Heap after GC invocations=10 (full 0):
 garbage-first heap   total 196608K, used 45009K [0x0000000080000000, 0x0000000100000000)
  region size 1024K, 7 young (7168K), 7 survivors (7168K)
 Metaspace       used 58451K, capacity 60144K, committed 60288K, reserved 569344K
  class space    used 7666K, capacity 8379K, committed 8448K, reserved 516096K
}
Event: 84.306 GC heap before
{Heap before GC invocations=11 (full 0):
 garbage-first heap   total 196608K, used 143313K [0x0000000080000000, 0x0000000100000000)
  region size 1024K, 104 young (106496K), 7 survivors (7168K)
 Metaspace       used 64469K, capacity 66399K, committed 66560K, reserved 573440K
  class space    used 8446K, capacity 9244K, committed 9344K, reserved 516096K
}
Event: 84.316 GC heap after
{Heap after GC invocations=12 (full 0):
 garbage-first heap   total 196608K, used 49477K [0x0000000080000000, 0x0000000100000000)
  region size 1024K, 12 young (12288K), 12 survivors (12288K)
 Metaspace       used 64469K, capacity 66399K, committed 66560K, reserved 573440K
  class space    used 8446K, capacity 9244K, committed 9344K, reserved 516096K
}
Event: 86.221 GC heap before
{Heap before GC invocations=12 (full 0):
 garbage-first heap   total 196608K, used 151877K [0x0000000080000000, 0x0000000100000000)
  region size 1024K, 108 young (110592K), 12 survivors (12288K)
 Metaspace       used 69759K, capacity 72066K, committed 72192K, reserved 579584K
  class space    used 9165K, capacity 10092K, committed 10112K, reserved 516096K
}
Event: 86.237 GC heap after
{Heap after GC invocations=13 (full 0):
 garbage-first heap   total 196608K, used 66556K [0x0000000080000000, 0x0000000100000000)
  region size 1024K, 14 young (14336K), 14 survivors (14336K)
 Metaspace       used 69759K, capacity 72066K, committed 72192K, reserved 579584K
  class space    used 9165K, capacity 10092K, committed 10112K, reserved 516096K
}
Event: 87.664 GC heap before
{Heap before GC invocations=13 (full 0):
 garbage-first heap   total 196608K, used 149500K [0x0000000080000000, 0x0000000100000000)
  region size 1024K, 96 young (98304K), 14 survivors (14336K)
 Metaspace       used 80092K, capacity 82522K, committed 82688K, reserved 587776K
  class space    used 10373K, capacity 11355K, committed 11392K, reserved 516096K
}
Event: 87.683 GC heap after
{Heap after GC invocations=14 (full 0):
 garbage-first heap   total 196608K, used 73592K [0x0000000080000000, 0x0000000100000000)
  region size 1024K, 7 young (7168K), 7 survivors (7168K)
 Metaspace       used 80092K, capacity 82522K, committed 82688K, reserved 587776K
  class space    used 10373K, capacity 11355K, committed 11392K, reserved 516096K
}
Event: 88.640 GC heap before
{Heap before GC invocations=14 (full 0):
 garbage-first heap   total 196608K, used 153464K [0x0000000080000000, 0x0000000100000000)
  region size 1024K, 84 young (86016K), 7 survivors (7168K)
 Metaspace       used 82194K, capacity 84714K, committed 84864K, reserved 589824K
  class space    used 10693K, capacity 11719K, committed 11776K, reserved 516096K
}
Event: 88.652 GC heap after
{Heap after GC invocations=15 (full 0):
 garbage-first heap   total 196608K, used 80123K [0x0000000080000000, 0x0000000100000000)
  region size 1024K, 11 young (11264K), 11 survivors (11264K)
 Metaspace       used 82194K, capacity 84714K, committed 84864K, reserved 589824K
  class space    used 10693K, capacity 11719K, committed 11776K, reserved 516096K
}

Deoptimization events (10 events):
Event: 87.937 Thread 0x000001bd86f0e000 Uncommon trap: reason=unstable_if action=reinterpret pc=0x000001bdf55fa994 method=java.lang.AbstractStringBuilder.isLatin1()Z @ 10 c2
Event: 87.938 Thread 0x000001bd86f0e000 Uncommon trap: reason=unstable_if action=reinterpret pc=0x000001bdf5729ee0 method=java.lang.AbstractStringBuilder.appendChars(Ljava/lang/CharSequence;II)V @ 43 c2
Event: 87.938 Thread 0x000001bd86f0e000 Uncommon trap: reason=unstable_if action=reinterpret pc=0x000001bdf567a020 method=java.lang.AbstractStringBuilder.isLatin1()Z @ 10 c2
Event: 88.070 Thread 0x000001bd86f0e000 Uncommon trap: reason=unstable_if action=reinterpret pc=0x000001bdf57e04d0 method=org.codehaus.groovy.runtime.metaclass.MetaMethodIndex.isOverridden(Lgroovy/lang/MetaMethod;Lgroovy/lang/MetaMethod;)Z @ 40 c2
Event: 88.074 Thread 0x000001bd86f0e000 Uncommon trap: reason=unstable_if action=reinterpret pc=0x000001bdf5a81f80 method=org.apache.commons.io.FilenameUtils.doNormalize(Ljava/lang/String;CZ)Ljava/lang/String; @ 501 c2
Event: 88.124 Thread 0x000001bd86f0e000 Uncommon trap: reason=unstable_if action=reinterpret pc=0x000001bdf577c160 method=java.util.StringJoiner.add(Ljava/lang/CharSequence;)Ljava/util/StringJoiner; @ 33 c2
Event: 88.208 Thread 0x000001bd86f0e000 Uncommon trap: reason=null_check action=make_not_entrant pc=0x000001bdf58eaaf8 method=com.sun.beans.introspect.MethodInfo$MethodOrder.compare(Ljava/lang/reflect/Method;Ljava/lang/reflect/Method;)I @ 133 c2
Event: 88.296 Thread 0x000001bd86f0e000 Uncommon trap: reason=unstable_if action=reinterpret pc=0x000001bdf5acf624 method=org.codehaus.groovy.runtime.metaclass.MetaMethodIndex.copyNonPrivateNonNewMetaMethods(Lorg/codehaus/groovy/runtime/metaclass/MetaMethodIndex$Entry;Lorg/codehaus/groovy/runti
Event: 88.454 Thread 0x000001bd86f0e000 Uncommon trap: reason=null_check action=make_not_entrant pc=0x000001bdf5b79ab4 method=com.sun.beans.introspect.MethodInfo$MethodOrder.compare(Ljava/lang/reflect/Method;Ljava/lang/reflect/Method;)I @ 145 c2
Event: 88.556 Thread 0x000001bd86f0e000 Uncommon trap: reason=unstable_if action=reinterpret pc=0x000001bdf574a380 method=java.util.WeakHashMap.eq(Ljava/lang/Object;Ljava/lang/Object;)Z @ 2 c2

Classes redefined (0 events):
No events

Internal exceptions (10 events):
Event: 88.657 Thread 0x000001bd86f0e000 Exception <a 'java/lang/ClassNotFoundException'{0x000000008bfa5278}: org/gradle/api/tasks/AbstractCopyTaskBeanInfo> (0x000000008bfa5278) thrown at [./open/src/hotspot/share/classfile/systemDictionary.cpp, line 226]
Event: 88.658 Thread 0x000001bd86f0e000 Exception <a 'java/lang/ClassNotFoundException'{0x000000008bfd3048}: org/gradle/api/internal/ConventionTaskBeanInfo> (0x000000008bfd3048) thrown at [./open/src/hotspot/share/classfile/systemDictionary.cpp, line 226]
Event: 88.659 Thread 0x000001bd86f0e000 Exception <a 'java/lang/ClassNotFoundException'{0x000000008bffce38}: org/gradle/api/DefaultTaskBeanInfo> (0x000000008bffce38) thrown at [./open/src/hotspot/share/classfile/systemDictionary.cpp, line 226]
Event: 88.661 Thread 0x000001bd86f0e000 Exception <a 'java/lang/ClassNotFoundException'{0x000000008be2adf0}: org/gradle/api/internal/AbstractTaskBeanInfo> (0x000000008be2adf0) thrown at [./open/src/hotspot/share/classfile/systemDictionary.cpp, line 226]
Event: 88.662 Thread 0x000001bd86f0e000 Exception <a 'java/lang/ClassNotFoundException'{0x000000008be58e38}: org/gradle/api/internal/AbstractTaskCustomizer> (0x000000008be58e38) thrown at [./open/src/hotspot/share/classfile/systemDictionary.cpp, line 226]
Event: 88.665 Thread 0x000001bd86f0e000 Exception <a 'java/lang/ClassNotFoundException'{0x000000008beccd88}: org/gradle/api/DefaultTaskCustomizer> (0x000000008beccd88) thrown at [./open/src/hotspot/share/classfile/systemDictionary.cpp, line 226]
Event: 88.668 Thread 0x000001bd86f0e000 Exception <a 'java/lang/ClassNotFoundException'{0x000000008bd50680}: org/gradle/api/internal/ConventionTaskCustomizer> (0x000000008bd50680) thrown at [./open/src/hotspot/share/classfile/systemDictionary.cpp, line 226]
Event: 88.669 Thread 0x000001bd86f0e000 Exception <a 'java/lang/ClassNotFoundException'{0x000000008bd8d0f0}: org/gradle/api/tasks/AbstractCopyTaskCustomizer> (0x000000008bd8d0f0) thrown at [./open/src/hotspot/share/classfile/systemDictionary.cpp, line 226]
Event: 88.672 Thread 0x000001bd86f0e000 Exception <a 'java/lang/ClassNotFoundException'{0x000000008bc246a0}: org/gradle/api/tasks/CopyCustomizer> (0x000000008bc246a0) thrown at [./open/src/hotspot/share/classfile/systemDictionary.cpp, line 226]
Event: 88.674 Thread 0x000001bd86f0e000 Exception <a 'java/lang/ClassNotFoundException'{0x000000008bc65fc0}: org/gradle/api/tasks/Copy_DecoratedCustomizer> (0x000000008bc65fc0) thrown at [./open/src/hotspot/share/classfile/systemDictionary.cpp, line 226]

Events (10 events):
Event: 88.672 loading class org/gradle/api/tasks/CopyCustomizer
Event: 88.672 loading class org/gradle/api/tasks/CopyCustomizer done
Event: 88.673 loading class org/gradle/api/tasks/Copy_DecoratedCustomizer
Event: 88.673 loading class org/gradle/api/tasks/Copy_DecoratedCustomizer done
Event: 88.673 loading class org/gradle/api/tasks/Copy_DecoratedCustomizer
Event: 88.673 loading class org/gradle/api/tasks/Copy_DecoratedCustomizer done
Event: 88.674 loading class org/gradle/api/tasks/Copy_DecoratedCustomizer
Event: 88.674 loading class org/gradle/api/tasks/Copy_DecoratedCustomizer done
Event: 88.674 loading class org/gradle/api/tasks/Copy_DecoratedCustomizer
Event: 88.674 loading class org/gradle/api/tasks/Copy_DecoratedCustomizer done


Dynamic libraries:
0x00007ff7c7490000 - 0x00007ff7c749f000 	C:\Program Files\Java\jdk-11.0.17\bin\java.exe
0x00007ffaa56d0000 - 0x00007ffaa58e4000 	C:\WINDOWS\SYSTEM32\ntdll.dll
0x00007ffaa4810000 - 0x00007ffaa48d2000 	C:\WINDOWS\System32\KERNEL32.DLL
0x00007ffaa2c20000 - 0x00007ffaa2fbc000 	C:\WINDOWS\System32\KERNELBASE.dll
0x00007ffaa33c0000 - 0x00007ffaa34d1000 	C:\WINDOWS\System32\ucrtbase.dll
0x00007ffa9cfb0000 - 0x00007ffa9cfc5000 	C:\Program Files\Java\jdk-11.0.17\bin\VCRUNTIME140.dll
0x00007ffa9cf90000 - 0x00007ffa9cfa8000 	C:\Program Files\Java\jdk-11.0.17\bin\jli.dll
0x00007ffaa3510000 - 0x00007ffaa35be000 	C:\WINDOWS\System32\ADVAPI32.dll
0x00007ffaa3800000 - 0x00007ffaa38a7000 	C:\WINDOWS\System32\msvcrt.dll
0x00007ffaa48e0000 - 0x00007ffaa4984000 	C:\WINDOWS\System32\sechost.dll
0x00007ffaa4990000 - 0x00007ffaa4aa7000 	C:\WINDOWS\System32\RPCRT4.dll
0x00007ffaa4bf0000 - 0x00007ffaa4d9b000 	C:\WINDOWS\System32\USER32.dll
0x00007ffa84190000 - 0x00007ffa8441e000 	C:\WINDOWS\WinSxS\amd64_microsoft.windows.common-controls_6595b64144ccf1df_6.0.22621.608_none_a9444ca7c10bb01d\COMCTL32.dll
0x00007ffaa31b0000 - 0x00007ffaa31d6000 	C:\WINDOWS\System32\win32u.dll
0x00007ffaa34e0000 - 0x00007ffaa3509000 	C:\WINDOWS\System32\GDI32.dll
0x00007ffaa31e0000 - 0x00007ffaa32f3000 	C:\WINDOWS\System32\gdi32full.dll
0x00007ffa9d580000 - 0x00007ffa9d58a000 	C:\WINDOWS\SYSTEM32\VERSION.dll
0x00007ffaa2b80000 - 0x00007ffaa2c1a000 	C:\WINDOWS\System32\msvcp_win.dll
0x00007ffaa3640000 - 0x00007ffaa3671000 	C:\WINDOWS\System32\IMM32.DLL
0x00007ffa884a0000 - 0x00007ffa8853b000 	C:\Program Files\Java\jdk-11.0.17\bin\msvcp140.dll
0x00007ffa65510000 - 0x00007ffa6602a000 	C:\Program Files\Java\jdk-11.0.17\bin\server\jvm.dll
0x00007ffaa4700000 - 0x00007ffaa4708000 	C:\WINDOWS\System32\PSAPI.DLL
0x00007ffa9b5e0000 - 0x00007ffa9b614000 	C:\WINDOWS\SYSTEM32\WINMM.dll
0x00007ffa81cc0000 - 0x00007ffa81cc9000 	C:\WINDOWS\SYSTEM32\WSOCK32.dll
0x00007ffaa5610000 - 0x00007ffaa5681000 	C:\WINDOWS\System32\WS2_32.dll
0x00007ffaa1b20000 - 0x00007ffaa1b38000 	C:\WINDOWS\SYSTEM32\kernel.appcore.dll
0x00007ffa9fad0000 - 0x00007ffa9fae0000 	C:\Program Files\Java\jdk-11.0.17\bin\verify.dll
0x00007ffaa0460000 - 0x00007ffaa068e000 	C:\WINDOWS\SYSTEM32\DBGHELP.DLL
0x00007ffaa3f60000 - 0x00007ffaa42e9000 	C:\WINDOWS\System32\combase.dll
0x00007ffaa3710000 - 0x00007ffaa37e7000 	C:\WINDOWS\System32\OLEAUT32.dll
0x00007ffa868c0000 - 0x00007ffa868f2000 	C:\WINDOWS\SYSTEM32\dbgcore.DLL
0x00007ffaa3130000 - 0x00007ffaa31ab000 	C:\WINDOWS\System32\bcryptPrimitives.dll
0x00007ffa9cda0000 - 0x00007ffa9cdc8000 	C:\Program Files\Java\jdk-11.0.17\bin\java.dll
0x00007ffa9dec0000 - 0x00007ffa9deca000 	C:\Program Files\Java\jdk-11.0.17\bin\jimage.dll
0x00007ffa9cef0000 - 0x00007ffa9cf06000 	C:\Program Files\Java\jdk-11.0.17\bin\zip.dll
0x00007ffaa4e20000 - 0x00007ffaa5610000 	C:\WINDOWS\System32\SHELL32.dll
0x00007ffaa0ad0000 - 0x00007ffaa139d000 	C:\WINDOWS\SYSTEM32\windows.storage.dll
0x00007ffaa0990000 - 0x00007ffaa0ace000 	C:\WINDOWS\SYSTEM32\wintypes.dll
0x00007ffaa4710000 - 0x00007ffaa4801000 	C:\WINDOWS\System32\SHCORE.dll
0x00007ffaa43a0000 - 0x00007ffaa43fe000 	C:\WINDOWS\System32\shlwapi.dll
0x00007ffaa2a40000 - 0x00007ffaa2a61000 	C:\WINDOWS\SYSTEM32\profapi.dll
0x00007ffa9cae0000 - 0x00007ffa9caf9000 	C:\Program Files\Java\jdk-11.0.17\bin\net.dll
0x00007ffa9bc30000 - 0x00007ffa9bd67000 	C:\WINDOWS\SYSTEM32\WINHTTP.dll
0x00007ffaa1f90000 - 0x00007ffaa1ff9000 	C:\WINDOWS\system32\mswsock.dll
0x00007ffa9b7a0000 - 0x00007ffa9b7b2000 	C:\Program Files\Java\jdk-11.0.17\bin\nio.dll
0x00007ffa9b770000 - 0x00007ffa9b797000 	C:\Users\Saurabh Kumar\.gradle\native\e1d6ef7f7dcc3fd88c89a11ec53ec762bb8ba0a96d01ffa2cd45eb1d1d8dd5c5\windows-amd64\native-platform.dll
0x00007ffa803f0000 - 0x00007ffa80534000 	C:\Users\Saurabh Kumar\.gradle\native\5664cfc778a61ccfe75a443a1ab52a65af34e5dc3c78e0209fed803814484fcb\windows-amd64\native-platform-file-events.dll
0x00007ffa9ddc0000 - 0x00007ffa9ddc9000 	C:\Program Files\Java\jdk-11.0.17\bin\management.dll
0x00007ffa9dc40000 - 0x00007ffa9dc4b000 	C:\Program Files\Java\jdk-11.0.17\bin\management_ext.dll
0x00007ffaa2210000 - 0x00007ffaa222b000 	C:\WINDOWS\SYSTEM32\CRYPTSP.dll
0x00007ffaa1a90000 - 0x00007ffaa1ac5000 	C:\WINDOWS\system32\rsaenh.dll
0x00007ffaa2060000 - 0x00007ffaa2088000 	C:\WINDOWS\SYSTEM32\USERENV.dll
0x00007ffaa23d0000 - 0x00007ffaa23f8000 	C:\WINDOWS\SYSTEM32\bcrypt.dll
0x00007ffaa2230000 - 0x00007ffaa223c000 	C:\WINDOWS\SYSTEM32\CRYPTBASE.dll
0x00007ffaa1630000 - 0x00007ffaa165d000 	C:\WINDOWS\SYSTEM32\IPHLPAPI.DLL
0x00007ffaa4400000 - 0x00007ffaa4409000 	C:\WINDOWS\System32\NSI.dll
0x00007ffa9bc10000 - 0x00007ffa9bc29000 	C:\WINDOWS\SYSTEM32\dhcpcsvc6.DLL
0x00007ffa9b5c0000 - 0x00007ffa9b5df000 	C:\WINDOWS\SYSTEM32\dhcpcsvc.DLL
0x00007ffaa1660000 - 0x00007ffaa1753000 	C:\WINDOWS\SYSTEM32\DNSAPI.dll

dbghelp: loaded successfully - version: 4.0.5 - missing functions: none
symbol engine: initialized successfully - sym options: 0x614 - pdb path: .;C:\Program Files\Java\jdk-11.0.17\bin;C:\WINDOWS\SYSTEM32;C:\WINDOWS\WinSxS\amd64_microsoft.windows.common-controls_6595b64144ccf1df_6.0.22621.608_none_a9444ca7c10bb01d;C:\Program Files\Java\jdk-11.0.17\bin\server;C:\Users\Saurabh Kumar\.gradle\native\e1d6ef7f7dcc3fd88c89a11ec53ec762bb8ba0a96d01ffa2cd45eb1d1d8dd5c5\windows-amd64;C:\Users\Saurabh Kumar\.gradle\native\5664cfc778a61ccfe75a443a1ab52a65af34e5dc3c78e0209fed803814484fcb\windows-amd64

VM Arguments:
jvm_args: -XX:MaxMetaspaceSize=512m --add-opens=java.base/java.util=ALL-UNNAMED --add-opens=java.base/java.lang=ALL-UNNAMED --add-opens=java.base/java.lang.invoke=ALL-UNNAMED --add-opens=java.base/java.util=ALL-UNNAMED --add-opens=java.prefs/java.util.prefs=ALL-UNNAMED --add-opens=java.prefs/java.util.prefs=ALL-UNNAMED --add-opens=java.base/java.nio.charset=ALL-UNNAMED --add-opens=java.base/java.net=ALL-UNNAMED --add-opens=java.base/java.util.concurrent.atomic=ALL-UNNAMED -Xmx2048m -Dfile.encoding=windows-1252 -Duser.country=US -Duser.language=en -Duser.variant 
java_command: org.gradle.launcher.daemon.bootstrap.GradleDaemon 7.3.3
java_class_path (initial): C:\Users\Saurabh Kumar\.gradle\wrapper\dists\gradle-7.3.3-all\4295vidhdd9hd3gbjyw1xqxpo\gradle-7.3.3\lib\gradle-launcher-7.3.3.jar
Launcher Type: SUN_STANDARD

[Global flags]
     intx CICompilerCount                          = 4                                         {product} {ergonomic}
   size_t CompressedClassSpaceSize                 = 528482304                                 {product} {ergonomic}
     uint ConcGCThreads                            = 2                                         {product} {ergonomic}
     uint G1ConcRefinementThreads                  = 8                                         {product} {ergonomic}
   size_t G1HeapRegionSize                         = 1048576                                   {product} {ergonomic}
    uintx GCDrainStackTargetSize                   = 64                                        {product} {ergonomic}
   size_t InitialHeapSize                          = 201326592                                 {product} {ergonomic}
   size_t MarkStackSize                            = 4194304                                   {product} {ergonomic}
   size_t MaxHeapSize                              = 2147483648                                {product} {command line}
   size_t MaxMetaspaceSize                         = 536870912                                 {product} {command line}
   size_t MaxNewSize                               = 1287651328                                {product} {ergonomic}
   size_t MinHeapDeltaBytes                        = 1048576                                   {product} {ergonomic}
    uintx NonNMethodCodeHeapSize                   = 5836300                                {pd product} {ergonomic}
    uintx NonProfiledCodeHeapSize                  = 122910970                              {pd product} {ergonomic}
    uintx ProfiledCodeHeapSize                     = 122910970                              {pd product} {ergonomic}
    uintx ReservedCodeCacheSize                    = 251658240                              {pd product} {ergonomic}
     bool SegmentedCodeCache                       = true                                      {product} {ergonomic}
     bool UseCompressedClassPointers               = true                                 {lp64_product} {ergonomic}
     bool UseCompressedOops                        = true                                 {lp64_product} {ergonomic}
     bool UseG1GC                                  = true                                      {product} {ergonomic}
     bool UseLargePagesIndividualAllocation        = false                                  {pd product} {ergonomic}

Logging:
Log output configuration:
 #0: stdout all=warning uptime,level,tags
 #1: stderr all=off uptime,level,tags

Environment Variables:
JAVA_HOME=C:\Program Files\Java\jdk-11.0.17
CLASSPATH=C:\AppServ\www\staff_management\android\\gradle\wrapper\gradle-wrapper.jar
PATH=C:\AppServ\www\staff_management\android\node_modules\.bin;C:\AppServ\www\staff_management\node_modules\.bin;C:\AppServ\www\node_modules\.bin;C:\AppServ\node_modules\.bin;C:\node_modules\.bin;C:\Program Files\nodejs;C:\AppServ\www\staff_management\node_modules\.bin;C:\AppServ\www\node_modules\.bin;C:\AppServ\node_modules\.bin;C:\node_modules\.bin;C:\Program Files\nodejs\node_modules\npm\node_modules\@npmcli\run-script\lib\node-gyp-bin;C:\Program Files\Microsoft\jdk-11.0.18.10-hotspot\bin;C:\Python311\Scripts\;C:\Python311\;C:\Python310\Scripts\;C:\Python310\;C:\Program Files (x86)\Common Files\Oracle\Java\javapath;C:\WINDOWS\system32;C:\WINDOWS;C:\WINDOWS\System32\Wbem;C:\WINDOWS\System32\WindowsPowerShell\v1.0\;C:\Program Files (x86)\Microsoft SQL Server\150\DTS\Binn\;C:\Program Files\Azure Data Studio\bin;C:\WINDOWS\System32\OpenSSH\;C:\Program Files\Java\jdk1.8.0_321\bin;C:\Program Files\Microsoft SQL Server\150\Tools\Binn\;C:\Program Files (x86)\Microsoft SQL Server\100\Tools\Binn\;C:\Program Files\Microsoft SQL Server\100\Tools\Binn\;C:\Program Files\Microsoft SQL Server\100\DTS\Binn\;C:\Program Files\Git\cmd;C:\ProgramData\chocolatey\bin;C:\Program Files\nodejs;C:\Program Files\nodejs\;%LOCALAPPDATA%\Android\Sdk\platform-tools;C:\composer;C:\AppServ\php5;C:\Users\Saurabh Kumar\AppData\Local\Android\Sdk\platform-tools;;C:\WINDOWS\system32;C:\WINDOWS;C:\WINDOWS\System32\Wbem;C:\WINDOWS\System32\WindowsPowerShell\v1.0\;C:\WINDOWS\System32\OpenSSH\;C:\Program Files\nodejs;C:\Users\Saurabh Kumar\AppData\Local\Programs\Microsoft VS Code\bin;C:\src\flutter\bin;C:\Users\Saurabh Kumar\AppData\Roaming\npm;C:\Users\Saurabh Kumar\AppData\Roaming\Composer\vendor\bin;;%USERPROFILE%\AppData\Local\Microsoft\WindowsApps
USERNAME=Saurabh Kumar
OS=Windows_NT
PROCESSOR_IDENTIFIER=Intel64 Family 6 Model 142 Stepping 12, GenuineIntel



---------------  S Y S T E M  ---------------

OS: Windows 11 , 64 bit Build 22621 (10.0.22621.1485)
Hyper-V role detected

CPU:total 8 (initial active 8) (4 cores per cpu, 2 threads per core) family 6 model 142 stepping 12 microcode 0xde, cmov, cx8, fxsr, mmx, sse, sse2, sse3, ssse3, sse4.1, sse4.2, popcnt, avx, avx2, aes, clmul, erms, 3dnowpref, lzcnt, ht, tsc, tscinvbit, bmi1, bmi2, adx, fma

Memory: 4k page, system-wide physical 12174M (566M free)
TotalPageFile size 16270M (AvailPageFile size 14M)
current process WorkingSet (physical memory assigned to process): 467M, peak: 467M
current process commit charge ("private bytes"): 514M, peak: 514M

vm_info: Java HotSpot(TM) 64-Bit Server VM (11.0.17+10-LTS-269) for windows-amd64 JRE (11.0.17+10-LTS-269), built on Sep 13 2022 19:26:37 by "mach5one" with MS VC++ 15.9 (VS2017)

END.
